Parsing SuperLearner FPI arguments...
--model_dir
--predict_var
--num_inputs
--corr_cutoff
--predict_data
Submodels within SuperLearner and their weights:
['nusvr-rbf', 'nusvr-lin', 'nusvr-poly', 'nusvr-sig', 'knn-uni', 'knn-dist', 'pls', 'mlp', 'ridge', 'lasso', 'linear', 'enet', 'huber', 'xgb', 'etr']
[0.38672125 0.         0.68841889 0.         0.         0.14939047
 0.         0.         0.         0.         0.         0.
 0.         0.67095879 4.96092789]
Dectected one-hot features:
['River_Gradient', 'MiniDot_Sediment']
Started with 12 features.
Finishing with 6 features in 2 groups.
River_Gradient_-1hot-_Relatively flat/gentle gradient (e.g. valleys),River_Gradient_-1hot-_Relatively steep gradient (e.g. mountainous or hilly terrain);MiniDot_Sediment_-1hot-_Bedrock (primarily),MiniDot_Sediment_-1hot-_Gravel/cobble (>2mm),MiniDot_Sediment_-1hot-_Sand,MiniDot_Sediment_-1hot-_Silt/mud (<0.0625mm)
Loading model for job: 0
FPI on stacked ensemble...
FPI on ML model: nusvr-rbf...
FPI on ML model: nusvr-poly...
FPI on ML model: knn-dist...
FPI on ML model: xgb...
FPI on ML model: etr...
                                                    Avg_Ratiostack0  Std_Ratiostack0
Feature                                                                             
River_Gradient_-1hot-_Relatively flat/gentle gr...         1.078044         0.060963
MiniDot_Sediment_-1hot-_Bedrock (primarily),Min...         0.977041         0.066522
NOSC                                                       1.112599         0.037474
C_percent                                                  2.118172         0.178276
lamO2                                                      2.274267         0.446375
perc_Carb                                                  1.973499         0.311687
Percent_Fine_Sand                                          1.988483         0.217778
NPOC_Field_mg_per_L_as_C                                   2.338708         0.421793
--------nusvr-rbf---------
Feature
River_Gradient_-1hot-_Relatively flat/gentle gradient (e.g. valleys),River_Gradient_-1hot-_Relatively steep gradient (e.g. mountainous or hilly terrain)              1.037686
MiniDot_Sediment_-1hot-_Bedrock (primarily),MiniDot_Sediment_-1hot-_Gravel/cobble (>2mm),MiniDot_Sediment_-1hot-_Sand,MiniDot_Sediment_-1hot-_Silt/mud (<0.0625mm)    1.096960
NOSC                                                                                                                                                                  1.020298
C_percent                                                                                                                                                             1.060501
lamO2                                                                                                                                                                 1.096948
perc_Carb                                                                                                                                                             1.144661
Percent_Fine_Sand                                                                                                                                                     1.107944
NPOC_Field_mg_per_L_as_C                                                                                                                                              1.240597
Name: Avg_Rationusvr-rbf0, dtype: float64
--------nusvr-poly---------
Feature
River_Gradient_-1hot-_Relatively flat/gentle gradient (e.g. valleys),River_Gradient_-1hot-_Relatively steep gradient (e.g. mountainous or hilly terrain)              1.032523
MiniDot_Sediment_-1hot-_Bedrock (primarily),MiniDot_Sediment_-1hot-_Gravel/cobble (>2mm),MiniDot_Sediment_-1hot-_Sand,MiniDot_Sediment_-1hot-_Silt/mud (<0.0625mm)    1.043330
NOSC                                                                                                                                                                  1.008839
C_percent                                                                                                                                                             1.005779
lamO2                                                                                                                                                                 1.037916
perc_Carb                                                                                                                                                             1.027272
Percent_Fine_Sand                                                                                                                                                     1.052564
NPOC_Field_mg_per_L_as_C                                                                                                                                              1.085066
Name: Avg_Rationusvr-poly0, dtype: float64
--------knn-dist---------
Feature
River_Gradient_-1hot-_Relatively flat/gentle gradient (e.g. valleys),River_Gradient_-1hot-_Relatively steep gradient (e.g. mountainous or hilly terrain)              2.859019
MiniDot_Sediment_-1hot-_Bedrock (primarily),MiniDot_Sediment_-1hot-_Gravel/cobble (>2mm),MiniDot_Sediment_-1hot-_Sand,MiniDot_Sediment_-1hot-_Silt/mud (<0.0625mm)    4.786853
NOSC                                                                                                                                                                  4.245545
C_percent                                                                                                                                                             3.965868
lamO2                                                                                                                                                                 5.265934
perc_Carb                                                                                                                                                             4.823981
Percent_Fine_Sand                                                                                                                                                     4.216304
NPOC_Field_mg_per_L_as_C                                                                                                                                              4.197108
Name: Avg_Ratioknn-dist0, dtype: float64
--------xgb---------
Feature
River_Gradient_-1hot-_Relatively flat/gentle gradient (e.g. valleys),River_Gradient_-1hot-_Relatively steep gradient (e.g. mountainous or hilly terrain)              1.401122
MiniDot_Sediment_-1hot-_Bedrock (primarily),MiniDot_Sediment_-1hot-_Gravel/cobble (>2mm),MiniDot_Sediment_-1hot-_Sand,MiniDot_Sediment_-1hot-_Silt/mud (<0.0625mm)    1.188784
NOSC                                                                                                                                                                  1.348095
C_percent                                                                                                                                                             5.964371
lamO2                                                                                                                                                                 5.201322
perc_Carb                                                                                                                                                             3.617272
Percent_Fine_Sand                                                                                                                                                     4.412312
NPOC_Field_mg_per_L_as_C                                                                                                                                              4.740932
Name: Avg_Ratioxgb0, dtype: float32
--------etr---------
Feature
River_Gradient_-1hot-_Relatively flat/gentle gradient (e.g. valleys),River_Gradient_-1hot-_Relatively steep gradient (e.g. mountainous or hilly terrain)              1.000332
MiniDot_Sediment_-1hot-_Bedrock (primarily),MiniDot_Sediment_-1hot-_Gravel/cobble (>2mm),MiniDot_Sediment_-1hot-_Sand,MiniDot_Sediment_-1hot-_Silt/mud (<0.0625mm)    1.011428
NOSC                                                                                                                                                                  1.000052
C_percent                                                                                                                                                             1.004676
lamO2                                                                                                                                                                 1.007818
perc_Carb                                                                                                                                                             1.000165
Percent_Fine_Sand                                                                                                                                                     1.005506
NPOC_Field_mg_per_L_as_C                                                                                                                                              1.005323
Name: Avg_Ratioetr0, dtype: float64
