Matplotlib is building the font cache; this may take a moment.
/home/sfgary/sl_core/sample_inputs/superlearner_conf_TTR_mms_log10_neg.py:85: RuntimeWarning: invalid value encountered in log10
  do_log10 = np.log10(-1.0*input)
Traceback (most recent call last):
  File "/home/sfgary/.miniconda3/envs/superlearner/lib/python3.9/runpy.py", line 197, in _run_module_as_main
    return _run_code(code, main_globals, None,
  File "/home/sfgary/.miniconda3/envs/superlearner/lib/python3.9/runpy.py", line 87, in _run_code
    exec(code, run_globals)
  File "/home/sfgary/sl_core/train.py", line 311, in <module>
    sl_conf_hpo['estimators'][oname][ename]['model'] = einfo['hpo'].fit(X_train, Y_train[:, oi]).best_estimator_
  File "/home/sfgary/.miniconda3/envs/superlearner/lib/python3.9/site-packages/skopt/searchcv.py", line 466, in fit
    super().fit(X=X, y=y, groups=groups, **fit_params)
  File "/home/sfgary/.miniconda3/envs/superlearner/lib/python3.9/site-packages/sklearn/base.py", line 1151, in wrapper
    return fit_method(estimator, *args, **kwargs)
  File "/home/sfgary/.miniconda3/envs/superlearner/lib/python3.9/site-packages/sklearn/model_selection/_search.py", line 898, in fit
    self._run_search(evaluate_candidates)
  File "/home/sfgary/.miniconda3/envs/superlearner/lib/python3.9/site-packages/skopt/searchcv.py", line 512, in _run_search
    optim_result = self._step(
  File "/home/sfgary/.miniconda3/envs/superlearner/lib/python3.9/site-packages/skopt/searchcv.py", line 408, in _step
    all_results = evaluate_candidates(params_dict)
  File "/home/sfgary/.miniconda3/envs/superlearner/lib/python3.9/site-packages/sklearn/model_selection/_search.py", line 845, in evaluate_candidates
    out = parallel(
  File "/home/sfgary/.miniconda3/envs/superlearner/lib/python3.9/site-packages/sklearn/utils/parallel.py", line 65, in __call__
    return super().__call__(iterable_with_config)
  File "/home/sfgary/.miniconda3/envs/superlearner/lib/python3.9/site-packages/joblib/parallel.py", line 1085, in __call__
    if self.dispatch_one_batch(iterator):
  File "/home/sfgary/.miniconda3/envs/superlearner/lib/python3.9/site-packages/joblib/parallel.py", line 901, in dispatch_one_batch
    self._dispatch(tasks)
  File "/home/sfgary/.miniconda3/envs/superlearner/lib/python3.9/site-packages/joblib/parallel.py", line 819, in _dispatch
    job = self._backend.apply_async(batch, callback=cb)
  File "/home/sfgary/.miniconda3/envs/superlearner/lib/python3.9/site-packages/joblib/_parallel_backends.py", line 208, in apply_async
    result = ImmediateResult(func)
  File "/home/sfgary/.miniconda3/envs/superlearner/lib/python3.9/site-packages/joblib/_parallel_backends.py", line 597, in __init__
    self.results = batch()
  File "/home/sfgary/.miniconda3/envs/superlearner/lib/python3.9/site-packages/joblib/parallel.py", line 288, in __call__
    return [func(*args, **kwargs)
  File "/home/sfgary/.miniconda3/envs/superlearner/lib/python3.9/site-packages/joblib/parallel.py", line 288, in <listcomp>
    return [func(*args, **kwargs)
  File "/home/sfgary/.miniconda3/envs/superlearner/lib/python3.9/site-packages/sklearn/utils/parallel.py", line 127, in __call__
    return self.function(*args, **kwargs)
  File "/home/sfgary/.miniconda3/envs/superlearner/lib/python3.9/site-packages/sklearn/model_selection/_validation.py", line 732, in _fit_and_score
    estimator.fit(X_train, y_train, **fit_params)
  File "/home/sfgary/.miniconda3/envs/superlearner/lib/python3.9/site-packages/sklearn/base.py", line 1151, in wrapper
    return fit_method(estimator, *args, **kwargs)
  File "/home/sfgary/.miniconda3/envs/superlearner/lib/python3.9/site-packages/sklearn/compose/_target.py", line 250, in fit
    self._fit_transformer(y_2d)
  File "/home/sfgary/.miniconda3/envs/superlearner/lib/python3.9/site-packages/sklearn/compose/_target.py", line 184, in _fit_transformer
    self.transformer_.fit(y)
  File "/home/sfgary/.miniconda3/envs/superlearner/lib/python3.9/site-packages/sklearn/base.py", line 1151, in wrapper
    return fit_method(estimator, *args, **kwargs)
  File "/home/sfgary/.miniconda3/envs/superlearner/lib/python3.9/site-packages/sklearn/preprocessing/_function_transformer.py", line 222, in fit
    self._check_inverse_transform(X)
  File "/home/sfgary/.miniconda3/envs/superlearner/lib/python3.9/site-packages/sklearn/preprocessing/_function_transformer.py", line 175, in _check_inverse_transform
    X_round_trip = self.inverse_transform(self.transform(X[idx_selected]))
  File "/home/sfgary/.miniconda3/envs/superlearner/lib/python3.9/site-packages/sklearn/preprocessing/_function_transformer.py", line 257, in inverse_transform
    X = check_array(X, accept_sparse=self.accept_sparse)
  File "/home/sfgary/.miniconda3/envs/superlearner/lib/python3.9/site-packages/sklearn/utils/validation.py", line 959, in check_array
    _assert_all_finite(
  File "/home/sfgary/.miniconda3/envs/superlearner/lib/python3.9/site-packages/sklearn/utils/validation.py", line 124, in _assert_all_finite
    _assert_all_finite_element_wise(
  File "/home/sfgary/.miniconda3/envs/superlearner/lib/python3.9/site-packages/sklearn/utils/validation.py", line 173, in _assert_all_finite_element_wise
    raise ValueError(msg_err)
ValueError: Input contains NaN.
