Parsing SuperLearner FPI arguments...
--model_dir
--predict_var
--num_inputs
--corr_cutoff
--predict_data
Submodels within SuperLearner and their weights:
['nusvr-rbf', 'nusvr-lin', 'nusvr-poly', 'nusvr-sig', 'knn-uni', 'knn-dist', 'pls', 'mlp', 'ridge', 'lasso', 'linear', 'enet', 'huber', 'xgb', 'etr']
[0.20271124 1.15973939 0.         0.         0.04389049 0.73032914
 0.         0.         0.         0.         0.05512208 0.
 0.         0.         0.627017  ]
Did not detect any one-hot features.
Started with 72 features.
Finishing with 59 features in 14 groups.
prm_pc_cse,prm_pc_use;kar_pc_cse,kar_pc_use;soc_th_uav,soc_th_cav;RA_cms_cyr,RA_xam2,RA_cms_cmx,RA_cms_cmn,RA_dm,gdp_md_usu,pop_ct_usu,RA_SO;tmp_dc_cyr,tmp_dc_uyr,snw_pc_uyr,snw_pc_cmx,snw_pc_cyr;crp_pc_cse,crp_pc_use;aet_mm_cyr,aet_mm_uyr,cmi_ix_cyr,pre_mm_cyr,swc_pc_cyr,aet_mm_cdi,run_mm_cyr,pre_mm_uyr,cmi_ix_uyr,swc_pc_uyr,pre_mm_cdi;for_pc_use,for_pc_cse;urb_pc_use,rdd_mk_uav,ppd_pk_uav,hft_ix_u09,nli_ix_uav,urb_pc_cse,ppd_pk_cav,rdd_mk_cav,hft_ix_c09,nli_ix_cav,pop_ct_csu;ero_kh_uav,ero_kh_cav;pst_pc_use,pst_pc_cse;pac_pc_use,pac_pc_cse;slt_pc_cav,slt_pc_uav,cly_pc_cav,cly_pc_uav,snd_pc_cav,snd_pc_uav;swc_pc_cdi,cmi_ix_cdi
Loading model for job: 0
FPI on stacked ensemble...
FPI on ML model: nusvr-rbf...
FPI on ML model: nusvr-lin...
FPI on ML model: knn-dist...
FPI on ML model: etr...
                                                    Avg_Ratiostack0  Std_Ratiostack0
Feature                                                                             
prm_pc_cse,prm_pc_use                                      1.114008         0.088690
kar_pc_cse,kar_pc_use                                      2.188477         0.300718
soc_th_uav,soc_th_cav                                      2.162754         0.095776
RA_cms_cyr,RA_xam2,RA_cms_cmx,RA_cms_cmn,RA_dm,...         2.664307         0.289094
tmp_dc_cyr,tmp_dc_uyr,snw_pc_uyr,snw_pc_cmx,snw...         3.507979         0.147060
crp_pc_cse,crp_pc_use                                      2.302504         0.215671
aet_mm_cyr,aet_mm_uyr,cmi_ix_cyr,pre_mm_cyr,swc...         4.450570         0.201141
for_pc_use,for_pc_cse                                      3.070862         0.216237
urb_pc_use,rdd_mk_uav,ppd_pk_uav,hft_ix_u09,nli...         2.966300         0.153935
ero_kh_uav,ero_kh_cav                                      2.510586         0.122577
pst_pc_use,pst_pc_cse                                      3.140226         0.212080
pac_pc_use,pac_pc_cse                                      2.071985         0.308552
slt_pc_cav,slt_pc_uav,cly_pc_cav,cly_pc_uav,snd...         3.428947         0.133174
swc_pc_cdi,cmi_ix_cdi                                      3.091508         0.179035
tmp_dc_cdi                                                 1.812410         0.138005
ire_pc_cse                                                 1.612290         0.195344
sgr_dk_rav                                                 1.569332         0.129310
gdp_md_cav                                                 1.838027         0.201285
gla_pc_use                                                 1.159581         0.168834
dor_pc_pva                                                 1.222436         0.125680
hdi_ix_cav                                                 1.616466         0.175582
gwt_cm_cav                                                 2.558305         0.156516
slp_dg_cav                                                 2.541591         0.146189
ire_pc_use                                                 1.547597         0.102357
gla_pc_cse                                                 1.020358         0.074800
RA_lm                                                      2.267958         0.152357
ele_mt_cav                                                 2.213086         0.191467
--------nusvr-rbf---------
Feature
prm_pc_cse,prm_pc_use                                                                                                       1.167646
kar_pc_cse,kar_pc_use                                                                                                       1.763552
soc_th_uav,soc_th_cav                                                                                                       2.323380
RA_cms_cyr,RA_xam2,RA_cms_cmx,RA_cms_cmn,RA_dm,gdp_md_usu,pop_ct_usu,RA_SO                                                  2.290941
tmp_dc_cyr,tmp_dc_uyr,snw_pc_uyr,snw_pc_cmx,snw_pc_cyr                                                                      2.945656
crp_pc_cse,crp_pc_use                                                                                                       2.418933
aet_mm_cyr,aet_mm_uyr,cmi_ix_cyr,pre_mm_cyr,swc_pc_cyr,aet_mm_cdi,run_mm_cyr,pre_mm_uyr,cmi_ix_uyr,swc_pc_uyr,pre_mm_cdi    3.289046
for_pc_use,for_pc_cse                                                                                                       2.690525
urb_pc_use,rdd_mk_uav,ppd_pk_uav,hft_ix_u09,nli_ix_uav,urb_pc_cse,ppd_pk_cav,rdd_mk_cav,hft_ix_c09,nli_ix_cav,pop_ct_csu    2.459079
ero_kh_uav,ero_kh_cav                                                                                                       2.443689
pst_pc_use,pst_pc_cse                                                                                                       2.703914
pac_pc_use,pac_pc_cse                                                                                                       1.806158
slt_pc_cav,slt_pc_uav,cly_pc_cav,cly_pc_uav,snd_pc_cav,snd_pc_uav                                                           3.174293
swc_pc_cdi,cmi_ix_cdi                                                                                                       2.649225
tmp_dc_cdi                                                                                                                  1.884310
ire_pc_cse                                                                                                                  1.885249
sgr_dk_rav                                                                                                                  1.492980
gdp_md_cav                                                                                                                  1.901796
gla_pc_use                                                                                                                  1.130572
dor_pc_pva                                                                                                                  1.403374
hdi_ix_cav                                                                                                                  1.569433
gwt_cm_cav                                                                                                                  2.343147
slp_dg_cav                                                                                                                  2.218138
ire_pc_use                                                                                                                  1.738273
gla_pc_cse                                                                                                                  1.010740
RA_lm                                                                                                                       2.166573
ele_mt_cav                                                                                                                  1.981641
Name: Avg_Rationusvr-rbf0, dtype: float64
--------nusvr-lin---------
Feature
prm_pc_cse,prm_pc_use                                                                                                       1.000000
kar_pc_cse,kar_pc_use                                                                                                       1.000051
soc_th_uav,soc_th_cav                                                                                                       1.000018
RA_cms_cyr,RA_xam2,RA_cms_cmx,RA_cms_cmn,RA_dm,gdp_md_usu,pop_ct_usu,RA_SO                                                  1.000020
tmp_dc_cyr,tmp_dc_uyr,snw_pc_uyr,snw_pc_cmx,snw_pc_cyr                                                                      1.000112
crp_pc_cse,crp_pc_use                                                                                                       1.000035
aet_mm_cyr,aet_mm_uyr,cmi_ix_cyr,pre_mm_cyr,swc_pc_cyr,aet_mm_cdi,run_mm_cyr,pre_mm_uyr,cmi_ix_uyr,swc_pc_uyr,pre_mm_cdi    1.000247
for_pc_use,for_pc_cse                                                                                                       1.000127
urb_pc_use,rdd_mk_uav,ppd_pk_uav,hft_ix_u09,nli_ix_uav,urb_pc_cse,ppd_pk_cav,rdd_mk_cav,hft_ix_c09,nli_ix_cav,pop_ct_csu    1.000008
ero_kh_uav,ero_kh_cav                                                                                                       0.999997
pst_pc_use,pst_pc_cse                                                                                                       1.000077
pac_pc_use,pac_pc_cse                                                                                                       1.000111
slt_pc_cav,slt_pc_uav,cly_pc_cav,cly_pc_uav,snd_pc_cav,snd_pc_uav                                                           1.000088
swc_pc_cdi,cmi_ix_cdi                                                                                                       1.000008
tmp_dc_cdi                                                                                                                  1.000001
ire_pc_cse                                                                                                                  1.000006
sgr_dk_rav                                                                                                                  1.000002
gdp_md_cav                                                                                                                  0.999999
gla_pc_use                                                                                                                  1.000008
dor_pc_pva                                                                                                                  1.000003
hdi_ix_cav                                                                                                                  0.999996
gwt_cm_cav                                                                                                                  0.999999
slp_dg_cav                                                                                                                  1.000044
ire_pc_use                                                                                                                  1.000009
gla_pc_cse                                                                                                                  1.000000
RA_lm                                                                                                                       1.000007
ele_mt_cav                                                                                                                  1.000017
Name: Avg_Rationusvr-lin0, dtype: float64
--------knn-dist---------
Feature
prm_pc_cse,prm_pc_use                                                                                                       1.157960
kar_pc_cse,kar_pc_use                                                                                                       2.375499
soc_th_uav,soc_th_cav                                                                                                       2.292759
RA_cms_cyr,RA_xam2,RA_cms_cmx,RA_cms_cmn,RA_dm,gdp_md_usu,pop_ct_usu,RA_SO                                                  3.106536
tmp_dc_cyr,tmp_dc_uyr,snw_pc_uyr,snw_pc_cmx,snw_pc_cyr                                                                      4.130717
crp_pc_cse,crp_pc_use                                                                                                       2.813887
aet_mm_cyr,aet_mm_uyr,cmi_ix_cyr,pre_mm_cyr,swc_pc_cyr,aet_mm_cdi,run_mm_cyr,pre_mm_uyr,cmi_ix_uyr,swc_pc_uyr,pre_mm_cdi    4.947654
for_pc_use,for_pc_cse                                                                                                       3.652293
urb_pc_use,rdd_mk_uav,ppd_pk_uav,hft_ix_u09,nli_ix_uav,urb_pc_cse,ppd_pk_cav,rdd_mk_cav,hft_ix_c09,nli_ix_cav,pop_ct_csu    3.202525
ero_kh_uav,ero_kh_cav                                                                                                       2.771570
pst_pc_use,pst_pc_cse                                                                                                       3.616115
pac_pc_use,pac_pc_cse                                                                                                       2.193480
slt_pc_cav,slt_pc_uav,cly_pc_cav,cly_pc_uav,snd_pc_cav,snd_pc_uav                                                           3.959443
swc_pc_cdi,cmi_ix_cdi                                                                                                       3.521805
tmp_dc_cdi                                                                                                                  1.976922
ire_pc_cse                                                                                                                  1.809167
sgr_dk_rav                                                                                                                  1.688481
gdp_md_cav                                                                                                                  1.974930
gla_pc_use                                                                                                                  1.205003
dor_pc_pva                                                                                                                  1.276121
hdi_ix_cav                                                                                                                  1.813899
gwt_cm_cav                                                                                                                  2.670886
slp_dg_cav                                                                                                                  2.831803
ire_pc_use                                                                                                                  1.599315
gla_pc_cse                                                                                                                  1.020344
RA_lm                                                                                                                       2.541193
ele_mt_cav                                                                                                                  2.455462
Name: Avg_Ratioknn-dist0, dtype: float64
--------etr---------
Feature
prm_pc_cse,prm_pc_use                                                                                                       1.000000
kar_pc_cse,kar_pc_use                                                                                                       1.000026
soc_th_uav,soc_th_cav                                                                                                       1.001457
RA_cms_cyr,RA_xam2,RA_cms_cmx,RA_cms_cmn,RA_dm,gdp_md_usu,pop_ct_usu,RA_SO                                                  1.000032
tmp_dc_cyr,tmp_dc_uyr,snw_pc_uyr,snw_pc_cmx,snw_pc_cyr                                                                      1.001881
crp_pc_cse,crp_pc_use                                                                                                       1.002102
aet_mm_cyr,aet_mm_uyr,cmi_ix_cyr,pre_mm_cyr,swc_pc_cyr,aet_mm_cdi,run_mm_cyr,pre_mm_uyr,cmi_ix_uyr,swc_pc_uyr,pre_mm_cdi    1.003621
for_pc_use,for_pc_cse                                                                                                       1.001142
urb_pc_use,rdd_mk_uav,ppd_pk_uav,hft_ix_u09,nli_ix_uav,urb_pc_cse,ppd_pk_cav,rdd_mk_cav,hft_ix_c09,nli_ix_cav,pop_ct_csu    1.001928
ero_kh_uav,ero_kh_cav                                                                                                       1.000068
pst_pc_use,pst_pc_cse                                                                                                       1.000468
pac_pc_use,pac_pc_cse                                                                                                       1.003375
slt_pc_cav,slt_pc_uav,cly_pc_cav,cly_pc_uav,snd_pc_cav,snd_pc_uav                                                           1.005209
swc_pc_cdi,cmi_ix_cdi                                                                                                       1.000031
tmp_dc_cdi                                                                                                                  1.000095
ire_pc_cse                                                                                                                  1.000071
sgr_dk_rav                                                                                                                  1.000027
gdp_md_cav                                                                                                                  1.000011
gla_pc_use                                                                                                                  1.000000
dor_pc_pva                                                                                                                  1.000004
hdi_ix_cav                                                                                                                  1.000009
gwt_cm_cav                                                                                                                  1.000079
slp_dg_cav                                                                                                                  1.002042
ire_pc_use                                                                                                                  1.000040
gla_pc_cse                                                                                                                  1.000000
RA_lm                                                                                                                       1.000096
ele_mt_cav                                                                                                                  1.000082
Name: Avg_Ratioetr0, dtype: float64
