Parsing SuperLearner predict arguments...
--model_dir
--predict_var
--num_inputs
--predict_data
Submodels within SuperLearner and their weights:
['nusvr-rbf', 'nusvr-lin', 'nusvr-poly', 'nusvr-sig', 'knn-uni', 'knn-dist', 'pls', 'mlp', 'ridge', 'lasso', 'linear', 'enet', 'huber', 'xgb', 'etr']
[8.52887975e-01 0.00000000e+00 0.00000000e+00 2.57614950e+00
 0.00000000e+00 0.00000000e+00 0.00000000e+00 0.00000000e+00
 0.00000000e+00 0.00000000e+00 1.00103211e-04 0.00000000e+00
 5.56342984e-02 0.00000000e+00 0.00000000e+00]
RSE: 301.5381578899056 +/- 462.225184269706
mean.error: 163.98189 +/- 84.77685
predict.error: 1130.3866 +/- 20.216099
RSE vs mean.error: [[1.         0.43857959]
 [0.43857959 1.        ]]
RSE vs predict.error: [[1.         0.37582014]
 [0.37582014 1.        ]]
evaluating hold out on a high/low split
Done!
