/home/sfgary/.miniconda3/envs/superlearner/lib/python3.9/site-packages/skopt/space/space.py:111: UserWarning: Dimension (1e-06, 316.22776601683796, 'log-uniform') was inferred to Real(low=1e-06, high=316.22776601683796, prior='log-uniform', transform='identity'). In upcoming versions of scikit-optimize, it will be inferred to <TypeError: __init__() got an unexpected keyword argument 'tranform'>. See the documentation of the check_dimension function for the upcoming API.
  warnings.warn(
/home/sfgary/.miniconda3/envs/superlearner/lib/python3.9/site-packages/skopt/space/space.py:111: UserWarning: Dimension (1e-10, 0.99, 'uniform') was inferred to Real(low=1e-10, high=0.99, prior='uniform', transform='identity'). In upcoming versions of scikit-optimize, it will be inferred to <TypeError: __init__() got an unexpected keyword argument 'tranform'>. See the documentation of the check_dimension function for the upcoming API.
  warnings.warn(
/home/sfgary/.miniconda3/envs/superlearner/lib/python3.9/site-packages/skopt/space/space.py:111: UserWarning: Dimension (1e-06, 0.99, 'log-uniform') was inferred to Real(low=1e-06, high=0.99, prior='log-uniform', transform='identity'). In upcoming versions of scikit-optimize, it will be inferred to <TypeError: __init__() got an unexpected keyword argument 'tranform'>. See the documentation of the check_dimension function for the upcoming API.
  warnings.warn(
/home/sfgary/.miniconda3/envs/superlearner/lib/python3.9/site-packages/skopt/space/space.py:111: UserWarning: Dimension (1e-06, 316.22776601683796, 'log-uniform') was inferred to Real(low=1e-06, high=316.22776601683796, prior='log-uniform', transform='identity'). In upcoming versions of scikit-optimize, it will be inferred to <TypeError: __init__() got an unexpected keyword argument 'tranform'>. See the documentation of the check_dimension function for the upcoming API.
  warnings.warn(
/home/sfgary/.miniconda3/envs/superlearner/lib/python3.9/site-packages/skopt/space/space.py:111: UserWarning: Dimension (1e-10, 0.99, 'uniform') was inferred to Real(low=1e-10, high=0.99, prior='uniform', transform='identity'). In upcoming versions of scikit-optimize, it will be inferred to <TypeError: __init__() got an unexpected keyword argument 'tranform'>. See the documentation of the check_dimension function for the upcoming API.
  warnings.warn(
/home/sfgary/.miniconda3/envs/superlearner/lib/python3.9/site-packages/skopt/space/space.py:111: UserWarning: Dimension (1e-06, 316.22776601683796, 'log-uniform') was inferred to Real(low=1e-06, high=316.22776601683796, prior='log-uniform', transform='identity'). In upcoming versions of scikit-optimize, it will be inferred to <TypeError: __init__() got an unexpected keyword argument 'tranform'>. See the documentation of the check_dimension function for the upcoming API.
  warnings.warn(
/home/sfgary/.miniconda3/envs/superlearner/lib/python3.9/site-packages/skopt/space/space.py:111: UserWarning: Dimension (1e-10, 0.99, 'uniform') was inferred to Real(low=1e-10, high=0.99, prior='uniform', transform='identity'). In upcoming versions of scikit-optimize, it will be inferred to <TypeError: __init__() got an unexpected keyword argument 'tranform'>. See the documentation of the check_dimension function for the upcoming API.
  warnings.warn(
/home/sfgary/.miniconda3/envs/superlearner/lib/python3.9/site-packages/skopt/space/space.py:111: UserWarning: Dimension (1e-06, 316.22776601683796, 'log-uniform') was inferred to Real(low=1e-06, high=316.22776601683796, prior='log-uniform', transform='identity'). In upcoming versions of scikit-optimize, it will be inferred to <TypeError: __init__() got an unexpected keyword argument 'tranform'>. See the documentation of the check_dimension function for the upcoming API.
  warnings.warn(
/home/sfgary/.miniconda3/envs/superlearner/lib/python3.9/site-packages/skopt/space/space.py:111: UserWarning: Dimension (1e-10, 0.99, 'uniform') was inferred to Real(low=1e-10, high=0.99, prior='uniform', transform='identity'). In upcoming versions of scikit-optimize, it will be inferred to <TypeError: __init__() got an unexpected keyword argument 'tranform'>. See the documentation of the check_dimension function for the upcoming API.
  warnings.warn(
/home/sfgary/.miniconda3/envs/superlearner/lib/python3.9/site-packages/skopt/space/space.py:111: UserWarning: Dimension [-0.99, 0.99, 'uniform'] was inferred to Real(low=-0.99, high=0.99, prior='uniform', transform='identity'). In upcoming versions of scikit-optimize, it will be inferred to Categorical(categories=(-0.99, 0.99, 'uniform'), prior=None). See the documentation of the check_dimension function for the upcoming API.
  warnings.warn(
/home/sfgary/.miniconda3/envs/superlearner/lib/python3.9/site-packages/skopt/space/space.py:111: UserWarning: Dimension (1e-06, 0.99, 'log-uniform') was inferred to Real(low=1e-06, high=0.99, prior='log-uniform', transform='identity'). In upcoming versions of scikit-optimize, it will be inferred to <TypeError: __init__() got an unexpected keyword argument 'tranform'>. See the documentation of the check_dimension function for the upcoming API.
  warnings.warn(
/home/sfgary/.miniconda3/envs/superlearner/lib/python3.9/site-packages/skopt/space/space.py:111: UserWarning: Dimension (1e-06, 0.01, 'log-uniform') was inferred to Real(low=1e-06, high=0.01, prior='log-uniform', transform='identity'). In upcoming versions of scikit-optimize, it will be inferred to <TypeError: __init__() got an unexpected keyword argument 'tranform'>. See the documentation of the check_dimension function for the upcoming API.
  warnings.warn(
/home/sfgary/.miniconda3/envs/superlearner/lib/python3.9/site-packages/skopt/space/space.py:111: UserWarning: Dimension (1e-06, 0.99, 'log-uniform') was inferred to Real(low=1e-06, high=0.99, prior='log-uniform', transform='identity'). In upcoming versions of scikit-optimize, it will be inferred to <TypeError: __init__() got an unexpected keyword argument 'tranform'>. See the documentation of the check_dimension function for the upcoming API.
  warnings.warn(
/home/sfgary/.miniconda3/envs/superlearner/lib/python3.9/site-packages/skopt/space/space.py:111: UserWarning: Dimension (1e-06, 0.99, 'log-uniform') was inferred to Real(low=1e-06, high=0.99, prior='log-uniform', transform='identity'). In upcoming versions of scikit-optimize, it will be inferred to <TypeError: __init__() got an unexpected keyword argument 'tranform'>. See the documentation of the check_dimension function for the upcoming API.
  warnings.warn(
/home/sfgary/.miniconda3/envs/superlearner/lib/python3.9/site-packages/skopt/space/space.py:111: UserWarning: Dimension (1e-06, 0.99, 'log-uniform') was inferred to Real(low=1e-06, high=0.99, prior='log-uniform', transform='identity'). In upcoming versions of scikit-optimize, it will be inferred to <TypeError: __init__() got an unexpected keyword argument 'tranform'>. See the documentation of the check_dimension function for the upcoming API.
  warnings.warn(
/home/sfgary/.miniconda3/envs/superlearner/lib/python3.9/site-packages/skopt/space/space.py:111: UserWarning: Dimension (1e-06, 0.99, 'log-uniform') was inferred to Real(low=1e-06, high=0.99, prior='log-uniform', transform='identity'). In upcoming versions of scikit-optimize, it will be inferred to <TypeError: __init__() got an unexpected keyword argument 'tranform'>. See the documentation of the check_dimension function for the upcoming API.
  warnings.warn(
/home/sfgary/.miniconda3/envs/superlearner/lib/python3.9/site-packages/skopt/space/space.py:111: UserWarning: Dimension (1e-06, 0.99, 'log-uniform') was inferred to Real(low=1e-06, high=0.99, prior='log-uniform', transform='identity'). In upcoming versions of scikit-optimize, it will be inferred to <TypeError: __init__() got an unexpected keyword argument 'tranform'>. See the documentation of the check_dimension function for the upcoming API.
  warnings.warn(
/home/sfgary/.miniconda3/envs/superlearner/lib/python3.9/site-packages/skopt/space/space.py:111: UserWarning: Dimension (1.35, 1.9, 'uniform') was inferred to Real(low=1.35, high=1.9, prior='uniform', transform='identity'). In upcoming versions of scikit-optimize, it will be inferred to <TypeError: __init__() got an unexpected keyword argument 'tranform'>. See the documentation of the check_dimension function for the upcoming API.
  warnings.warn(
/home/sfgary/.miniconda3/envs/superlearner/lib/python3.9/site-packages/skopt/space/space.py:111: UserWarning: Dimension (0.0001, 0.99, 'log-uniform') was inferred to Real(low=0.0001, high=0.99, prior='log-uniform', transform='identity'). In upcoming versions of scikit-optimize, it will be inferred to <TypeError: __init__() got an unexpected keyword argument 'tranform'>. See the documentation of the check_dimension function for the upcoming API.
  warnings.warn(
