Parsing SuperLearner predict arguments...
--model_dir
--predict_var
--num_inputs
--predict_data
Submodels within SuperLearner and their weights:
['nusvr-rbf', 'nusvr-lin', 'nusvr-poly', 'nusvr-sig', 'knn-uni', 'knn-dist', 'pls', 'mlp', 'ridge', 'lasso', 'linear', 'enet', 'huber', 'xgb', 'etr']
[0.00000000e+00 3.28908891e-02 2.12872784e-01 1.97385204e-01
 0.00000000e+00 1.52939480e-01 0.00000000e+00 0.00000000e+00
 0.00000000e+00 0.00000000e+00 3.37821243e-04 0.00000000e+00
 0.00000000e+00 4.33980513e-01 0.00000000e+00]
RSE: 364.3549604992335 +/- 507.11706996917843
mean.error: 184.61479 +/- 92.13338
predict.error: 1279.023 +/- 22.203243
RSE vs mean.error: [[1.         0.53722492]
 [0.53722492 1.        ]]
RSE vs predict.error: [[1.         0.51532451]
 [0.51532451 1.        ]]
evaluating hold out on a high/low split
Done!
