Parsing SuperLearner FPI arguments...
--model_dir
--predict_var
--num_inputs
--corr_cutoff
--predict_data
Submodels within SuperLearner and their weights:
['nusvr-rbf', 'nusvr-lin', 'nusvr-poly', 'nusvr-sig', 'knn-uni', 'knn-dist', 'pls', 'mlp', 'ridge', 'lasso', 'linear', 'enet', 'huber', 'xgb', 'etr']
[0.         0.12543596 0.         0.         0.         0.77122115
 0.         0.         0.         0.         0.         0.
 0.         0.         0.05282599]
Did not detect any one-hot features.
Started with 78 features.
Finishing with 64 features in 15 groups.
prm_pc_cse,prm_pc_use;kar_pc_use,kar_pc_cse;soc_th_uav,soc_th_cav;Mean_DO_mg_per_L,Mean_DO_percent_saturation;tmp_dc_uyr,tmp_dc_cyr,snw_pc_uyr,snw_pc_cmx,snw_pc_cyr,Mean_Temp_Deg_C;crp_pc_cse,crp_pc_use;pre_mm_uyr,cmi_ix_uyr,swc_pc_uyr,aet_mm_uyr,aet_mm_cyr,cmi_ix_cyr,pre_mm_cyr,swc_pc_cyr,aet_mm_cdi,run_mm_cyr,pre_mm_cdi;for_pc_cse,for_pc_use;urb_pc_use,rdd_mk_uav,ppd_pk_uav,hft_ix_u09,nli_ix_uav,hft_ix_c09,nli_ix_cav,urb_pc_cse,ppd_pk_cav,rdd_mk_cav,pop_ct_csu;ero_kh_cav,ero_kh_uav;RA_ms_di,RA_SO,pop_ct_usu,gdp_md_usu,RA_xam2,RA_cms_cyr,RA_cms_cmx,RA_cms_cmn,RA_dm,RA_ms_av;pst_pc_cse,pst_pc_use;pac_pc_cse,pac_pc_use;slt_pc_cav,slt_pc_uav,cly_pc_uav,cly_pc_cav,snd_pc_cav,snd_pc_uav;swc_pc_cdi,cmi_ix_cdi
Loading model for job: 0
FPI on stacked ensemble...
FPI on ML model: nusvr-lin...
FPI on ML model: knn-dist...
                                                    Avg_Ratiostack0  Std_Ratiostack0
Feature                                                                             
prm_pc_cse,prm_pc_use                                      1.135356         0.052585
kar_pc_use,kar_pc_cse                                      2.030596         0.181242
soc_th_uav,soc_th_cav                                      1.768562         0.063658
Mean_DO_mg_per_L,Mean_DO_percent_saturation                1.944616         0.067191
tmp_dc_uyr,tmp_dc_cyr,snw_pc_uyr,snw_pc_cmx,snw...         3.036746         0.117272
crp_pc_cse,crp_pc_use                                      2.269707         0.098266
pre_mm_uyr,cmi_ix_uyr,swc_pc_uyr,aet_mm_uyr,aet...         3.753277         0.160751
for_pc_cse,for_pc_use                                      2.852437         0.123191
urb_pc_use,rdd_mk_uav,ppd_pk_uav,hft_ix_u09,nli...         2.650961         0.153315
ero_kh_cav,ero_kh_uav                                      2.073230         0.055302
RA_ms_di,RA_SO,pop_ct_usu,gdp_md_usu,RA_xam2,RA...         2.870887         0.114934
pst_pc_cse,pst_pc_use                                      2.756243         0.130034
pac_pc_cse,pac_pc_use                                      2.079510         0.109725
slt_pc_cav,slt_pc_uav,cly_pc_uav,cly_pc_cav,snd...         2.974479         0.080861
swc_pc_cdi,cmi_ix_cdi                                      2.556011         0.120829
sgr_dk_rav                                                 1.399293         0.065767
dor_pc_pva                                                 1.214925         0.042950
ele_mt_cav                                                 1.906596         0.108984
slp_dg_cav                                                 2.239932         0.058273
gdp_md_cav                                                 1.633598         0.063373
gwt_cm_cav                                                 2.317378         0.087078
ire_pc_cse                                                 1.703558         0.098965
pH                                                         2.098014         0.074084
RA_lm                                                      1.922021         0.057500
tmp_dc_cdi                                                 1.573528         0.069382
gla_pc_use                                                 1.200421         0.101499
hdi_ix_cav                                                 1.455669         0.092528
ire_pc_use                                                 1.547330         0.055058
gla_pc_cse                                                 1.053947         0.031126
--------nusvr-lin---------
Feature
prm_pc_cse,prm_pc_use                                                                                                       1.128251
kar_pc_use,kar_pc_cse                                                                                                       1.004363
soc_th_uav,soc_th_cav                                                                                                       1.109764
Mean_DO_mg_per_L,Mean_DO_percent_saturation                                                                                 1.089730
tmp_dc_uyr,tmp_dc_cyr,snw_pc_uyr,snw_pc_cmx,snw_pc_cyr,Mean_Temp_Deg_C                                                      1.537247
crp_pc_cse,crp_pc_use                                                                                                       2.886376
pre_mm_uyr,cmi_ix_uyr,swc_pc_uyr,aet_mm_uyr,aet_mm_cyr,cmi_ix_cyr,pre_mm_cyr,swc_pc_cyr,aet_mm_cdi,run_mm_cyr,pre_mm_cdi    1.760733
for_pc_cse,for_pc_use                                                                                                       1.222314
urb_pc_use,rdd_mk_uav,ppd_pk_uav,hft_ix_u09,nli_ix_uav,hft_ix_c09,nli_ix_cav,urb_pc_cse,ppd_pk_cav,rdd_mk_cav,pop_ct_csu    1.780356
ero_kh_cav,ero_kh_uav                                                                                                       1.001196
RA_ms_di,RA_SO,pop_ct_usu,gdp_md_usu,RA_xam2,RA_cms_cyr,RA_cms_cmx,RA_cms_cmn,RA_dm,RA_ms_av                                1.611674
pst_pc_cse,pst_pc_use                                                                                                       1.028650
pac_pc_cse,pac_pc_use                                                                                                       1.012496
slt_pc_cav,slt_pc_uav,cly_pc_uav,cly_pc_cav,snd_pc_cav,snd_pc_uav                                                           1.798416
swc_pc_cdi,cmi_ix_cdi                                                                                                       1.189682
sgr_dk_rav                                                                                                                  1.000139
dor_pc_pva                                                                                                                  1.074422
ele_mt_cav                                                                                                                  1.045539
slp_dg_cav                                                                                                                  0.999974
gdp_md_cav                                                                                                                  1.008155
gwt_cm_cav                                                                                                                  1.575072
ire_pc_cse                                                                                                                  1.600500
pH                                                                                                                          1.116256
RA_lm                                                                                                                       1.137319
tmp_dc_cdi                                                                                                                  0.999401
gla_pc_use                                                                                                                  1.045570
hdi_ix_cav                                                                                                                  1.064228
ire_pc_use                                                                                                                  2.729649
gla_pc_cse                                                                                                                  1.003584
Name: Avg_Rationusvr-lin0, dtype: float64
--------knn-dist---------
Feature
prm_pc_cse,prm_pc_use                                                                                                       1.149553
kar_pc_use,kar_pc_cse                                                                                                       2.170331
soc_th_uav,soc_th_cav                                                                                                       1.748466
Mean_DO_mg_per_L,Mean_DO_percent_saturation                                                                                 1.903767
tmp_dc_uyr,tmp_dc_cyr,snw_pc_uyr,snw_pc_cmx,snw_pc_cyr,Mean_Temp_Deg_C                                                      3.339731
crp_pc_cse,crp_pc_use                                                                                                       2.195460
pre_mm_uyr,cmi_ix_uyr,swc_pc_uyr,aet_mm_uyr,aet_mm_cyr,cmi_ix_cyr,pre_mm_cyr,swc_pc_cyr,aet_mm_cdi,run_mm_cyr,pre_mm_cdi    4.267507
for_pc_cse,for_pc_use                                                                                                       3.194825
urb_pc_use,rdd_mk_uav,ppd_pk_uav,hft_ix_u09,nli_ix_uav,hft_ix_c09,nli_ix_cav,urb_pc_cse,ppd_pk_cav,rdd_mk_cav,pop_ct_csu    2.748069
ero_kh_cav,ero_kh_uav                                                                                                       2.089305
RA_ms_di,RA_SO,pop_ct_usu,gdp_md_usu,RA_xam2,RA_cms_cyr,RA_cms_cmx,RA_cms_cmn,RA_dm,RA_ms_av                                3.067335
pst_pc_cse,pst_pc_use                                                                                                       2.988104
pac_pc_cse,pac_pc_use                                                                                                       2.387396
slt_pc_cav,slt_pc_uav,cly_pc_uav,cly_pc_cav,snd_pc_cav,snd_pc_uav                                                           3.079392
swc_pc_cdi,cmi_ix_cdi                                                                                                       2.797830
sgr_dk_rav                                                                                                                  1.337702
dor_pc_pva                                                                                                                  1.222465
ele_mt_cav                                                                                                                  1.947655
slp_dg_cav                                                                                                                  2.266689
gdp_md_cav                                                                                                                  1.659462
gwt_cm_cav                                                                                                                  2.304609
ire_pc_cse                                                                                                                  1.775909
pH                                                                                                                          2.178523
RA_lm                                                                                                                       1.952782
tmp_dc_cdi                                                                                                                  1.513918
gla_pc_use                                                                                                                  1.252716
hdi_ix_cav                                                                                                                  1.533778
ire_pc_use                                                                                                                  1.446626
gla_pc_cse                                                                                                                  1.066096
Name: Avg_Ratioknn-dist0, dtype: float64
