 
====================================
Step 1: Local setup on PW platform
Execution is in /home/sfgary/pw/jobs/sl_core/00060/workflow.sh at Thu Sep 28 15:18:14 UTC 2023
 
Workflow parameters from workflow.xml, apirun/main.py, or ./github/workflows/main.yaml:
These parameters are command line arguments when invoking this script and
are likely to be blank due to the usage of inputs.sh replacing command line arguments.

 
=========================================================
Starting sl_core
Running in /home/sfgary/pw/jobs/sl_core/00060 with job number: 00060
 
=========================================================
Thu Sep 28 15:18:14 UTC 2023: Testing echod. Currently on pw-user-sfgary.
Thu Sep 28 15:18:14 UTC 2023: Will excute on remote resource as sfgary@35.184.82.13
 
Checking inputs to test:
local user: sfgary
remote user: sfgary
remote_node: 35.184.82.13
cluster name: cloud
private_key: /home/sfgary/.ssh/id_ed25519_parallelworks_sl-archive-whondrs
Checking for private_key: /home/sfgary/.ssh/id_ed25519_parallelworks_sl-archive-whondrs
ML archive repo: git@github.com:parallelworks/sl-archive-whondrs
ML archive branch: WHONDRS-replicate-2
ML code repo: https://github.com/parallelworks/sl_core
ML data repo: https://github.com/parallelworks/global-river-databases
 
Absolute paths on cluster:
Arch: /home/sfgary/sl-archive-whondrs
Data: /home/sfgary/global-river-databases
Code: /home/sfgary/sl_core
 
Miniconda information:
Location: /home/sfgary/.miniconda3
Env. name: superlearner
 
Data flow information:
Working dir basename: ml_models/sl_
 
Number of instances
num_inst: 10
====================================
Thu Sep 28 15:18:14 UTC 2023: Step 2: Cluster setup - staging files to head node
 
======> Clone repos to node...
PARSL_CLIENT_HOST is
PARSL_CLIENT_HOST=cloud.parallel.works
Exit request sent.
Identity added: /home/sfgary/.ssh/id_ed25519_parallelworks_sl-archive-whondrs (sfgary@pw-user-sfgary)
Thu Sep 28 15:18:15 UTC 2023
Cloning into 'sl-archive-whondrs'...
Warning: Permanently added 'github.com,140.82.114.3' (ECDSA) to the list of known hosts.
Cloning into 'sl_core'...
Cloning into 'global-river-databases'...
Already up-to-date.
Already up-to-date.
======> Create WHONDRS-replicate-2...
======> Checkout WHONDRS-replicate-2...
Switched to branch 'WHONDRS-replicate-2'
======> Set upstream branch in case branch exists already WHONDRS-replicate-2...
Branch WHONDRS-replicate-2 set up to track remote branch WHONDRS-replicate-2 from origin.
Exit request sent.
Identity added: /home/sfgary/.ssh/id_ed25519_parallelworks_sl-archive-whondrs (sfgary@pw-user-sfgary)
Warning: Permanently added 'github.com,140.82.113.3' (ECDSA) to the list of known hosts.
Updating 34ccac4..01e60b2
Fast-forward
 .github/workflows/main.yml | 4 ++--
 1 file changed, 2 insertions(+), 2 deletions(-)
======> Test for presence of Conda environment
ls: cannot access /home/sfgary/.miniconda*: No such file or directory
======> No Conda found; install Conda environment for SuperLearner.
Thu Sep 28 15:18:39 UTC 2023: This process can take several minutes.
Thu Sep 28 15:18:39 UTC 2023: See miniconda_install.log for progress.
====================================
Thu Sep 28 15:23:36 UTC 2023: Step 2a: Preprocessing/Data Intake
Unable to find image 'parallelworks/gmt:latest' locally
latest: Pulling from parallelworks/gmt
06d39c85623a: Pulling fs layer
44f803d09bef: Pulling fs layer
02932b6ffd48: Pulling fs layer
8ed4e8630103: Pulling fs layer
0014b75e7078: Pulling fs layer
be071655d959: Pulling fs layer
2276fdfeb463: Pulling fs layer
0014b75e7078: Waiting
be071655d959: Waiting
2276fdfeb463: Waiting
8ed4e8630103: Waiting
44f803d09bef: Download complete
02932b6ffd48: Verifying Checksum
02932b6ffd48: Download complete
8ed4e8630103: Verifying Checksum
8ed4e8630103: Download complete
06d39c85623a: Verifying Checksum
06d39c85623a: Download complete
be071655d959: Verifying Checksum
be071655d959: Download complete
2276fdfeb463: Verifying Checksum
2276fdfeb463: Download complete
06d39c85623a: Pull complete
44f803d09bef: Pull complete
02932b6ffd48: Pull complete
8ed4e8630103: Pull complete
0014b75e7078: Verifying Checksum
0014b75e7078: Download complete
0014b75e7078: Pull complete
be071655d959: Pull complete
2276fdfeb463: Pull complete
Digest: sha256:9b4274e2b29d9678583fd5ad1d64cc5cb7c6b830de542d418fd2a3a76399c871
Status: Downloaded newer image for parallelworks/gmt:latest
Submitted batch job 2
Submitted batch job 3
Submitted batch job 4
Submitted batch job 5
Submitted batch job 6
Submitted batch job 7
Submitted batch job 8
Submitted batch job 9
Submitted batch job 10
Submitted batch job 11
Submitted batch job 12
Submitted batch job 13
Submitted batch job 14
Submitted batch job 15
Submitted batch job 16
Submitted batch job 17
Submitted batch job 18
Submitted batch job 19
Submitted batch job 20
Submitted batch job 21
Submitted batch job 22
Submitted batch job 23
Submitted batch job 24
Submitted batch job 25
Submitted batch job 26
Submitted batch job 27
Submitted batch job 28
Submitted batch job 29
Submitted batch job 30
Submitted batch job 31
Submitted batch job 32
Submitted batch job 33
Submitted batch job 34
Submitted batch job 35
Submitted batch job 36
Submitted batch job 37
Submitted batch job 38
Submitted batch job 39
Submitted batch job 40
Submitted batch job 41
Submitted batch job 42
Submitted batch job 43
Submitted batch job 44
Submitted batch job 45
Submitted batch job 46
Submitted batch job 47
Submitted batch job 48
Submitted batch job 49
Submitted batch job 50
Submitted batch job 51
Submitted batch job 52
Submitted batch job 53
Submitted batch job 54
Submitted batch job 55
Submitted batch job 56
Submitted batch job 57
Submitted batch job 58
Submitted batch job 59
Submitted batch job 60
Submitted batch job 61
Submitted batch job 62
Submitted batch job 63
Submitted batch job 64
Submitted batch job 65
Submitted batch job 66
Submitted batch job 67
Submitted batch job 68
Submitted batch job 69
Submitted batch job 70
Submitted batch job 71
Submitted batch job 72
Submitted batch job 73
Submitted batch job 74
Submitted batch job 75
Submitted batch job 76
Submitted batch job 77
Submitted batch job 78
Submitted batch job 79
Submitted batch job 80
Submitted batch job 81
Submitted batch job 82
Submitted batch job 83
Submitted batch job 84
Submitted batch job 85
Submitted batch job 86
Submitted batch job 87
Submitted batch job 88
Submitted batch job 89
Submitted batch job 90
Submitted batch job 91
Submitted batch job 92
Submitted batch job 93
Submitted batch job 94
Submitted batch job 95
Submitted batch job 96
Submitted batch job 97
Submitted batch job 98
Submitted batch job 99
Submitted batch job 100
Submitted batch job 101
Submitted batch job 102
Submitted batch job 103
Submitted batch job 104
Submitted batch job 105
Submitted batch job 106
Submitted batch job 107
Submitted batch job 108
Submitted batch job 109
Submitted batch job 110
Submitted batch job 111
Submitted batch job 112
Submitted batch job 113
Submitted batch job 114
Submitted batch job 115
Submitted batch job 116
Submitted batch job 117
Submitted batch job 118
Submitted batch job 119
Submitted batch job 120
Submitted batch job 121
Submitted batch job 122
Submitted batch job 123
Submitted batch job 124
Submitted batch job 125
Submitted batch job 126
Submitted batch job 127
Submitted batch job 128
Submitted batch job 129
Submitted batch job 130
Submitted batch job 131
Submitted batch job 132
Submitted batch job 133
Submitted batch job 134
Submitted batch job 135
Submitted batch job 136
Submitted batch job 137
Submitted batch job 138
Submitted batch job 139
Submitted batch job 140
Submitted batch job 141
Submitted batch job 142
Submitted batch job 143
Submitted batch job 144
Submitted batch job 145
Submitted batch job 146
Submitted batch job 147
Submitted batch job 148
Submitted batch job 149
Submitted batch job 150
Submitted batch job 151
Submitted batch job 152
Submitted batch job 153
Submitted batch job 154
Submitted batch job 155
Submitted batch job 156
Submitted batch job 157
Submitted batch job 158
Submitted batch job 159
Submitted batch job 160
Submitted batch job 161
Submitted batch job 162
Submitted batch job 163
Submitted batch job 164
Submitted batch job 165
Submitted batch job 166
Submitted batch job 167
Submitted batch job 168
Submitted batch job 169
Submitted batch job 170
Submitted batch job 171
Submitted batch job 172
Submitted batch job 173
Submitted batch job 174
Submitted batch job 175
Submitted batch job 176
Submitted batch job 177
Submitted batch job 178
Submitted batch job 179
Submitted batch job 180
Submitted batch job 181
Submitted batch job 182
Submitted batch job 183
Submitted batch job 184
Submitted batch job 185
Submitted batch job 186
Submitted batch job 187
Submitted batch job 188
Submitted batch job 189
Submitted batch job 190
Submitted batch job 191
Submitted batch job 192
Submitted batch job 193
Submitted batch job 194
Submitted batch job 195
Submitted batch job 196
Submitted batch job 197
Submitted batch job 198
Submitted batch job 199
Submitted batch job 200
Submitted batch job 201
Submitted batch job 202
Submitted batch job 203
Submitted batch job 204
Submitted batch job 205
Submitted batch job 206
Submitted batch job 207
Submitted batch job 208
Submitted batch job 209
Submitted batch job 210
Submitted batch job 211
Submitted batch job 212
Submitted batch job 213
Submitted batch job 214
Submitted batch job 215
Submitted batch job 216
Submitted batch job 217
Submitted batch job 218
Submitted batch job 219
Submitted batch job 220
Submitted batch job 221
Submitted batch job 222
Submitted batch job 223
Submitted batch job 224
Submitted batch job 225
Submitted batch job 226
Submitted batch job 227
Submitted batch job 228
-------------Predict Data----------------
Submitted batch job 229
Submitted batch job 230
Submitted batch job 231
Submitted batch job 232
Submitted batch job 233
Submitted batch job 234
Submitted batch job 235
Submitted batch job 236
Submitted batch job 237
Submitted batch job 238
Submitted batch job 239
Submitted batch job 240
Submitted batch job 241
Submitted batch job 242
Submitted batch job 243
Submitted batch job 244
Submitted batch job 245
Submitted batch job 246
Submitted batch job 247
Submitted batch job 248
Submitted batch job 249
Submitted batch job 250
Submitted batch job 251
Submitted batch job 252
Submitted batch job 253
Submitted batch job 254
Submitted batch job 255
Submitted batch job 256
Submitted batch job 257
Submitted batch job 258
Submitted batch job 259
Submitted batch job 260
Submitted batch job 261
Submitted batch job 262
Submitted batch job 263
Submitted batch job 264
Submitted batch job 265
Submitted batch job 266
Submitted batch job 267
Submitted batch job 268
Submitted batch job 269
Submitted batch job 270
Submitted batch job 271
Submitted batch job 272
Submitted batch job 273
Submitted batch job 274
Submitted batch job 275
Submitted batch job 276
Submitted batch job 277
Submitted batch job 278
Submitted batch job 279
Submitted batch job 280
Submitted batch job 281
Submitted batch job 282
Submitted batch job 283
Submitted batch job 284
Submitted batch job 285
Submitted batch job 286
Submitted batch job 287
Submitted batch job 288
Submitted batch job 289
Submitted batch job 290
Submitted batch job 291
Submitted batch job 292
Submitted batch job 293
Submitted batch job 294
Submitted batch job 295
Submitted batch job 296
Submitted batch job 297
Submitted batch job 298
Submitted batch job 299
Submitted batch job 300
Submitted batch job 301
Submitted batch job 302
Submitted batch job 303
Submitted batch job 304
Submitted batch job 305
Submitted batch job 306
Submitted batch job 307
Submitted batch job 308
Submitted batch job 309
Submitted batch job 310
Submitted batch job 311
Submitted batch job 312
Submitted batch job 313
Submitted batch job 314
Submitted batch job 315
Submitted batch job 316
Submitted batch job 317
Submitted batch job 318
Submitted batch job 319
Submitted batch job 320
Submitted batch job 321
Submitted batch job 322
Submitted batch job 323
Submitted batch job 324
Submitted batch job 325
Submitted batch job 326
Submitted batch job 327
Submitted batch job 328
Submitted batch job 329
Submitted batch job 330
Submitted batch job 331
Submitted batch job 332
Submitted batch job 333
Submitted batch job 334
Submitted batch job 335
Submitted batch job 336
Submitted batch job 337
Submitted batch job 338
Submitted batch job 339
Submitted batch job 340
Submitted batch job 341
Submitted batch job 342
Submitted batch job 343
Submitted batch job 344
Submitted batch job 345
Submitted batch job 346
Submitted batch job 347
Submitted batch job 348
Submitted batch job 349
Submitted batch job 350
Submitted batch job 351
Submitted batch job 352
Submitted batch job 353
Submitted batch job 354
Submitted batch job 355
Submitted batch job 356
Submitted batch job 357
Submitted batch job 358
Submitted batch job 359
Submitted batch job 360
Submitted batch job 361
Submitted batch job 362
Submitted batch job 363
Submitted batch job 364
Submitted batch job 365
Submitted batch job 366
Submitted batch job 367
Submitted batch job 368
Submitted batch job 369
Submitted batch job 370
Submitted batch job 371
Submitted batch job 372
Submitted batch job 373
Submitted batch job 374
Submitted batch job 375
Submitted batch job 376
Submitted batch job 377
Submitted batch job 378
Submitted batch job 379
Submitted batch job 380
Submitted batch job 381
Submitted batch job 382
Submitted batch job 383
Submitted batch job 384
Submitted batch job 385
Submitted batch job 386
Submitted batch job 387
Submitted batch job 388
Submitted batch job 389
Submitted batch job 390
Submitted batch job 391
Submitted batch job 392
Submitted batch job 393
Submitted batch job 394
Submitted batch job 395
Submitted batch job 396
Submitted batch job 397
Submitted batch job 398
Submitted batch job 399
Submitted batch job 400
Submitted batch job 401
Submitted batch job 402
Submitted batch job 403
Submitted batch job 404
Submitted batch job 405
Submitted batch job 406
Submitted batch job 407
Submitted batch job 408
Submitted batch job 409
Submitted batch job 410
Submitted batch job 411
Submitted batch job 412
Submitted batch job 413
Submitted batch job 414
Submitted batch job 415
Submitted batch job 416
Submitted batch job 417
Submitted batch job 418
Submitted batch job 419
Submitted batch job 420
Submitted batch job 421
Submitted batch job 422
Submitted batch job 423
Submitted batch job 424
Submitted batch job 425
Submitted batch job 426
Submitted batch job 427
Submitted batch job 428
Submitted batch job 429
Submitted batch job 430
Submitted batch job 431
Submitted batch job 432
Submitted batch job 433
Submitted batch job 434
Submitted batch job 435
Submitted batch job 436
Submitted batch job 437
Submitted batch job 438
Submitted batch job 439
Submitted batch job 440
Submitted batch job 441
Submitted batch job 442
Submitted batch job 443
Submitted batch job 444
Submitted batch job 445
Submitted batch job 446
Submitted batch job 447
Submitted batch job 448
Submitted batch job 449
Submitted batch job 450
Submitted batch job 451
Submitted batch job 452
Submitted batch job 453
Submitted batch job 454
Submitted batch job 455
====================================
Thu Sep 28 15:35:17 UTC 2023: Step 3: Launch jobs on cluster
=======> Creating work dir: /home/sfgary/sl-archive-whondrs/ml_models/sl_0
======> Launching SuperLearner
WARNING: Target variable name is hard coded here!
Submitted batch job 456
=======> Creating work dir: /home/sfgary/sl-archive-whondrs/ml_models/sl_1
======> Launching SuperLearner
WARNING: Target variable name is hard coded here!
Submitted batch job 457
=======> Creating work dir: /home/sfgary/sl-archive-whondrs/ml_models/sl_2
======> Launching SuperLearner
WARNING: Target variable name is hard coded here!
Submitted batch job 458
=======> Creating work dir: /home/sfgary/sl-archive-whondrs/ml_models/sl_3
======> Launching SuperLearner
WARNING: Target variable name is hard coded here!
Submitted batch job 459
=======> Creating work dir: /home/sfgary/sl-archive-whondrs/ml_models/sl_4
======> Launching SuperLearner
WARNING: Target variable name is hard coded here!
Submitted batch job 460
=======> Creating work dir: /home/sfgary/sl-archive-whondrs/ml_models/sl_5
======> Launching SuperLearner
WARNING: Target variable name is hard coded here!
Submitted batch job 461
=======> Creating work dir: /home/sfgary/sl-archive-whondrs/ml_models/sl_6
======> Launching SuperLearner
WARNING: Target variable name is hard coded here!
Submitted batch job 462
=======> Creating work dir: /home/sfgary/sl-archive-whondrs/ml_models/sl_7
======> Launching SuperLearner
WARNING: Target variable name is hard coded here!
Submitted batch job 463
=======> Creating work dir: /home/sfgary/sl-archive-whondrs/ml_models/sl_8
======> Launching SuperLearner
WARNING: Target variable name is hard coded here!
Submitted batch job 464
=======> Creating work dir: /home/sfgary/sl-archive-whondrs/ml_models/sl_9
======> Launching SuperLearner
WARNING: Target variable name is hard coded here!
Submitted batch job 465
====================================
Thu Sep 28 15:35:18 UTC 2023: Step 4: Monitor jobs on cluster
Thu Sep 28 15:35:18 UTC 2023: Monitor waiting 10 seconds...
Thu Sep 28 15:35:28 UTC 2023: Found 11 lines in squeue.
Thu Sep 28 15:35:28 UTC 2023: Monitor waiting 10 seconds...
Thu Sep 28 15:35:38 UTC 2023: Found 11 lines in squeue.
Thu Sep 28 15:35:38 UTC 2023: Monitor waiting 10 seconds...
Thu Sep 28 15:35:48 UTC 2023: Found 11 lines in squeue.
Thu Sep 28 15:35:48 UTC 2023: Monitor waiting 10 seconds...
Thu Sep 28 15:35:58 UTC 2023: Found 11 lines in squeue.
Thu Sep 28 15:35:58 UTC 2023: Monitor waiting 10 seconds...
Thu Sep 28 15:36:08 UTC 2023: Found 11 lines in squeue.
Thu Sep 28 15:36:08 UTC 2023: Monitor waiting 10 seconds...
Thu Sep 28 15:36:18 UTC 2023: Found 11 lines in squeue.
Thu Sep 28 15:36:18 UTC 2023: Monitor waiting 10 seconds...
Thu Sep 28 15:36:28 UTC 2023: Found 11 lines in squeue.
Thu Sep 28 15:36:28 UTC 2023: Monitor waiting 10 seconds...
Thu Sep 28 15:36:38 UTC 2023: Found 11 lines in squeue.
Thu Sep 28 15:36:38 UTC 2023: Monitor waiting 10 seconds...
Thu Sep 28 15:36:48 UTC 2023: Found 11 lines in squeue.
Thu Sep 28 15:36:48 UTC 2023: Monitor waiting 10 seconds...
Thu Sep 28 15:36:58 UTC 2023: Found 11 lines in squeue.
Thu Sep 28 15:36:58 UTC 2023: Monitor waiting 10 seconds...
Thu Sep 28 15:37:08 UTC 2023: Found 11 lines in squeue.
Thu Sep 28 15:37:08 UTC 2023: Monitor waiting 10 seconds...
Thu Sep 28 15:37:18 UTC 2023: Found 11 lines in squeue.
Thu Sep 28 15:37:18 UTC 2023: Monitor waiting 10 seconds...
Thu Sep 28 15:37:28 UTC 2023: Found 11 lines in squeue.
Thu Sep 28 15:37:28 UTC 2023: Monitor waiting 10 seconds...
Thu Sep 28 15:37:38 UTC 2023: Found 11 lines in squeue.
Thu Sep 28 15:37:38 UTC 2023: Monitor waiting 10 seconds...
Thu Sep 28 15:37:48 UTC 2023: Found 11 lines in squeue.
Thu Sep 28 15:37:48 UTC 2023: Monitor waiting 10 seconds...
Thu Sep 28 15:37:58 UTC 2023: Found 11 lines in squeue.
Thu Sep 28 15:37:58 UTC 2023: Monitor waiting 10 seconds...
Thu Sep 28 15:38:09 UTC 2023: Found 11 lines in squeue.
Thu Sep 28 15:38:09 UTC 2023: Monitor waiting 10 seconds...
Thu Sep 28 15:38:19 UTC 2023: Found 11 lines in squeue.
Thu Sep 28 15:38:19 UTC 2023: Monitor waiting 10 seconds...
Thu Sep 28 15:38:29 UTC 2023: Found 11 lines in squeue.
Thu Sep 28 15:38:29 UTC 2023: Monitor waiting 10 seconds...
Thu Sep 28 15:38:39 UTC 2023: Found 11 lines in squeue.
Thu Sep 28 15:38:39 UTC 2023: Monitor waiting 10 seconds...
Thu Sep 28 15:38:49 UTC 2023: Found 11 lines in squeue.
Thu Sep 28 15:38:49 UTC 2023: Monitor waiting 10 seconds...
Thu Sep 28 15:38:59 UTC 2023: Found 11 lines in squeue.
Thu Sep 28 15:38:59 UTC 2023: Monitor waiting 10 seconds...
Thu Sep 28 15:39:09 UTC 2023: Found 11 lines in squeue.
Thu Sep 28 15:39:09 UTC 2023: Monitor waiting 10 seconds...
Thu Sep 28 15:39:19 UTC 2023: Found 11 lines in squeue.
Thu Sep 28 15:39:19 UTC 2023: Monitor waiting 10 seconds...
Thu Sep 28 15:39:29 UTC 2023: Found 11 lines in squeue.
Thu Sep 28 15:39:29 UTC 2023: Monitor waiting 10 seconds...
Thu Sep 28 15:39:39 UTC 2023: Found 11 lines in squeue.
Thu Sep 28 15:39:39 UTC 2023: Monitor waiting 10 seconds...
Thu Sep 28 15:39:49 UTC 2023: Found 11 lines in squeue.
Thu Sep 28 15:39:49 UTC 2023: Monitor waiting 10 seconds...
Thu Sep 28 15:39:59 UTC 2023: Found 11 lines in squeue.
Thu Sep 28 15:39:59 UTC 2023: Monitor waiting 10 seconds...
Thu Sep 28 15:40:09 UTC 2023: Found 11 lines in squeue.
Thu Sep 28 15:40:09 UTC 2023: Monitor waiting 10 seconds...
Thu Sep 28 15:40:19 UTC 2023: Found 11 lines in squeue.
Thu Sep 28 15:40:19 UTC 2023: Monitor waiting 10 seconds...
Thu Sep 28 15:40:29 UTC 2023: Found 11 lines in squeue.
Thu Sep 28 15:40:29 UTC 2023: Monitor waiting 10 seconds...
Thu Sep 28 15:40:39 UTC 2023: Found 11 lines in squeue.
Thu Sep 28 15:40:39 UTC 2023: Monitor waiting 10 seconds...
Thu Sep 28 15:40:49 UTC 2023: Found 11 lines in squeue.
Thu Sep 28 15:40:49 UTC 2023: Monitor waiting 10 seconds...
Thu Sep 28 15:40:59 UTC 2023: Found 11 lines in squeue.
Thu Sep 28 15:40:59 UTC 2023: Monitor waiting 10 seconds...
Thu Sep 28 15:41:09 UTC 2023: Found 11 lines in squeue.
Thu Sep 28 15:41:09 UTC 2023: Monitor waiting 10 seconds...
Thu Sep 28 15:41:19 UTC 2023: Found 11 lines in squeue.
Thu Sep 28 15:41:19 UTC 2023: Monitor waiting 10 seconds...
Thu Sep 28 15:41:29 UTC 2023: Found 11 lines in squeue.
Thu Sep 28 15:41:29 UTC 2023: Monitor waiting 10 seconds...
Thu Sep 28 15:41:39 UTC 2023: Found 11 lines in squeue.
Thu Sep 28 15:41:39 UTC 2023: Monitor waiting 10 seconds...
Thu Sep 28 15:41:49 UTC 2023: Found 11 lines in squeue.
Thu Sep 28 15:41:49 UTC 2023: Monitor waiting 10 seconds...
Thu Sep 28 15:41:59 UTC 2023: Found 11 lines in squeue.
Thu Sep 28 15:41:59 UTC 2023: Monitor waiting 10 seconds...
Thu Sep 28 15:42:09 UTC 2023: Found 11 lines in squeue.
Thu Sep 28 15:42:09 UTC 2023: Monitor waiting 10 seconds...
Thu Sep 28 15:42:20 UTC 2023: Found 11 lines in squeue.
Thu Sep 28 15:42:20 UTC 2023: Monitor waiting 10 seconds...
Thu Sep 28 15:42:30 UTC 2023: Found 11 lines in squeue.
Thu Sep 28 15:42:30 UTC 2023: Monitor waiting 10 seconds...
Thu Sep 28 15:42:40 UTC 2023: Found 11 lines in squeue.
Thu Sep 28 15:42:40 UTC 2023: Monitor waiting 10 seconds...
Thu Sep 28 15:42:50 UTC 2023: Found 11 lines in squeue.
Thu Sep 28 15:42:50 UTC 2023: Monitor waiting 10 seconds...
Thu Sep 28 15:43:00 UTC 2023: Found 11 lines in squeue.
Thu Sep 28 15:43:00 UTC 2023: Monitor waiting 10 seconds...
Thu Sep 28 15:43:10 UTC 2023: Found 11 lines in squeue.
Thu Sep 28 15:43:10 UTC 2023: Monitor waiting 10 seconds...
Thu Sep 28 15:43:20 UTC 2023: Found 11 lines in squeue.
Thu Sep 28 15:43:20 UTC 2023: Monitor waiting 10 seconds...
Thu Sep 28 15:43:30 UTC 2023: Found 11 lines in squeue.
Thu Sep 28 15:43:30 UTC 2023: Monitor waiting 10 seconds...
Thu Sep 28 15:43:40 UTC 2023: Found 11 lines in squeue.
Thu Sep 28 15:43:40 UTC 2023: Monitor waiting 10 seconds...
Thu Sep 28 15:43:50 UTC 2023: Found 11 lines in squeue.
Thu Sep 28 15:43:50 UTC 2023: Monitor waiting 10 seconds...
Thu Sep 28 15:44:00 UTC 2023: Found 11 lines in squeue.
Thu Sep 28 15:44:00 UTC 2023: Monitor waiting 10 seconds...
Thu Sep 28 15:44:10 UTC 2023: Found 11 lines in squeue.
Thu Sep 28 15:44:10 UTC 2023: Monitor waiting 10 seconds...
Thu Sep 28 15:44:20 UTC 2023: Found 11 lines in squeue.
Thu Sep 28 15:44:20 UTC 2023: Monitor waiting 10 seconds...
Thu Sep 28 15:44:30 UTC 2023: Found 11 lines in squeue.
Thu Sep 28 15:44:30 UTC 2023: Monitor waiting 10 seconds...
Thu Sep 28 15:44:40 UTC 2023: Found 11 lines in squeue.
Thu Sep 28 15:44:40 UTC 2023: Monitor waiting 10 seconds...
Thu Sep 28 15:44:50 UTC 2023: Found 11 lines in squeue.
Thu Sep 28 15:44:50 UTC 2023: Monitor waiting 10 seconds...
Thu Sep 28 15:45:00 UTC 2023: Found 11 lines in squeue.
Thu Sep 28 15:45:00 UTC 2023: Monitor waiting 10 seconds...
Thu Sep 28 15:45:10 UTC 2023: Found 11 lines in squeue.
Thu Sep 28 15:45:10 UTC 2023: Monitor waiting 10 seconds...
Thu Sep 28 15:45:20 UTC 2023: Found 11 lines in squeue.
Thu Sep 28 15:45:20 UTC 2023: Monitor waiting 10 seconds...
Thu Sep 28 15:45:30 UTC 2023: Found 11 lines in squeue.
Thu Sep 28 15:45:30 UTC 2023: Monitor waiting 10 seconds...
Thu Sep 28 15:45:40 UTC 2023: Found 11 lines in squeue.
Thu Sep 28 15:45:40 UTC 2023: Monitor waiting 10 seconds...
Thu Sep 28 15:45:50 UTC 2023: Found 11 lines in squeue.
Thu Sep 28 15:45:50 UTC 2023: Monitor waiting 10 seconds...
Thu Sep 28 15:46:00 UTC 2023: Found 11 lines in squeue.
Thu Sep 28 15:46:00 UTC 2023: Monitor waiting 10 seconds...
Thu Sep 28 15:46:10 UTC 2023: Found 11 lines in squeue.
Thu Sep 28 15:46:10 UTC 2023: Monitor waiting 10 seconds...
Thu Sep 28 15:46:20 UTC 2023: Found 11 lines in squeue.
Thu Sep 28 15:46:20 UTC 2023: Monitor waiting 10 seconds...
Thu Sep 28 15:46:31 UTC 2023: Found 11 lines in squeue.
Thu Sep 28 15:46:31 UTC 2023: Monitor waiting 10 seconds...
Thu Sep 28 15:46:41 UTC 2023: Found 11 lines in squeue.
Thu Sep 28 15:46:41 UTC 2023: Monitor waiting 10 seconds...
Thu Sep 28 15:46:51 UTC 2023: Found 11 lines in squeue.
Thu Sep 28 15:46:51 UTC 2023: Monitor waiting 10 seconds...
Thu Sep 28 15:47:01 UTC 2023: Found 11 lines in squeue.
Thu Sep 28 15:47:01 UTC 2023: Monitor waiting 10 seconds...
Thu Sep 28 15:47:11 UTC 2023: Found 11 lines in squeue.
Thu Sep 28 15:47:11 UTC 2023: Monitor waiting 10 seconds...
Thu Sep 28 15:47:21 UTC 2023: Found 11 lines in squeue.
Thu Sep 28 15:47:21 UTC 2023: Monitor waiting 10 seconds...
Thu Sep 28 15:47:31 UTC 2023: Found 11 lines in squeue.
Thu Sep 28 15:47:31 UTC 2023: Monitor waiting 10 seconds...
Thu Sep 28 15:47:41 UTC 2023: Found 11 lines in squeue.
Thu Sep 28 15:47:41 UTC 2023: Monitor waiting 10 seconds...
Thu Sep 28 15:47:51 UTC 2023: Found 11 lines in squeue.
Thu Sep 28 15:47:51 UTC 2023: Monitor waiting 10 seconds...
Thu Sep 28 15:48:01 UTC 2023: Found 11 lines in squeue.
Thu Sep 28 15:48:01 UTC 2023: Monitor waiting 10 seconds...
Thu Sep 28 15:48:11 UTC 2023: Found 11 lines in squeue.
Thu Sep 28 15:48:11 UTC 2023: Monitor waiting 10 seconds...
Thu Sep 28 15:48:21 UTC 2023: Found 11 lines in squeue.
Thu Sep 28 15:48:21 UTC 2023: Monitor waiting 10 seconds...
Thu Sep 28 15:48:31 UTC 2023: Found 11 lines in squeue.
Thu Sep 28 15:48:31 UTC 2023: Monitor waiting 10 seconds...
Thu Sep 28 15:48:41 UTC 2023: Found 11 lines in squeue.
Thu Sep 28 15:48:41 UTC 2023: Monitor waiting 10 seconds...
Thu Sep 28 15:48:51 UTC 2023: Found 11 lines in squeue.
Thu Sep 28 15:48:51 UTC 2023: Monitor waiting 10 seconds...
Thu Sep 28 15:49:01 UTC 2023: Found 11 lines in squeue.
Thu Sep 28 15:49:01 UTC 2023: Monitor waiting 10 seconds...
Thu Sep 28 15:49:11 UTC 2023: Found 11 lines in squeue.
Thu Sep 28 15:49:11 UTC 2023: Monitor waiting 10 seconds...
Thu Sep 28 15:49:21 UTC 2023: Found 11 lines in squeue.
Thu Sep 28 15:49:21 UTC 2023: Monitor waiting 10 seconds...
Thu Sep 28 15:49:31 UTC 2023: Found 11 lines in squeue.
Thu Sep 28 15:49:31 UTC 2023: Monitor waiting 10 seconds...
Thu Sep 28 15:49:41 UTC 2023: Found 11 lines in squeue.
Thu Sep 28 15:49:41 UTC 2023: Monitor waiting 10 seconds...
Thu Sep 28 15:49:51 UTC 2023: Found 11 lines in squeue.
Thu Sep 28 15:49:51 UTC 2023: Monitor waiting 10 seconds...
Thu Sep 28 15:50:01 UTC 2023: Found 11 lines in squeue.
Thu Sep 28 15:50:01 UTC 2023: Monitor waiting 10 seconds...
Thu Sep 28 15:50:11 UTC 2023: Found 11 lines in squeue.
Thu Sep 28 15:50:11 UTC 2023: Monitor waiting 10 seconds...
Thu Sep 28 15:50:21 UTC 2023: Found 11 lines in squeue.
Thu Sep 28 15:50:21 UTC 2023: Monitor waiting 10 seconds...
Thu Sep 28 15:50:31 UTC 2023: Found 11 lines in squeue.
Thu Sep 28 15:50:31 UTC 2023: Monitor waiting 10 seconds...
Thu Sep 28 15:50:42 UTC 2023: Found 11 lines in squeue.
Thu Sep 28 15:50:42 UTC 2023: Monitor waiting 10 seconds...
Thu Sep 28 15:50:52 UTC 2023: Found 11 lines in squeue.
Thu Sep 28 15:50:52 UTC 2023: Monitor waiting 10 seconds...
Thu Sep 28 15:51:02 UTC 2023: Found 11 lines in squeue.
Thu Sep 28 15:51:02 UTC 2023: Monitor waiting 10 seconds...
Thu Sep 28 15:51:12 UTC 2023: Found 11 lines in squeue.
Thu Sep 28 15:51:12 UTC 2023: Monitor waiting 10 seconds...
Thu Sep 28 15:51:22 UTC 2023: Found 11 lines in squeue.
Thu Sep 28 15:51:22 UTC 2023: Monitor waiting 10 seconds...
Thu Sep 28 15:51:32 UTC 2023: Found 11 lines in squeue.
Thu Sep 28 15:51:32 UTC 2023: Monitor waiting 10 seconds...
Thu Sep 28 15:51:42 UTC 2023: Found 11 lines in squeue.
Thu Sep 28 15:51:42 UTC 2023: Monitor waiting 10 seconds...
Thu Sep 28 15:51:52 UTC 2023: Found 11 lines in squeue.
Thu Sep 28 15:51:52 UTC 2023: Monitor waiting 10 seconds...
Thu Sep 28 15:52:02 UTC 2023: Found 11 lines in squeue.
Thu Sep 28 15:52:02 UTC 2023: Monitor waiting 10 seconds...
Thu Sep 28 15:52:12 UTC 2023: Found 11 lines in squeue.
Thu Sep 28 15:52:12 UTC 2023: Monitor waiting 10 seconds...
Thu Sep 28 15:52:22 UTC 2023: Found 11 lines in squeue.
Thu Sep 28 15:52:22 UTC 2023: Monitor waiting 10 seconds...
Thu Sep 28 15:52:32 UTC 2023: Found 11 lines in squeue.
Thu Sep 28 15:52:32 UTC 2023: Monitor waiting 10 seconds...
Thu Sep 28 15:52:42 UTC 2023: Found 11 lines in squeue.
Thu Sep 28 15:52:42 UTC 2023: Monitor waiting 10 seconds...
Thu Sep 28 15:52:52 UTC 2023: Found 11 lines in squeue.
Thu Sep 28 15:52:52 UTC 2023: Monitor waiting 10 seconds...
Thu Sep 28 15:53:02 UTC 2023: Found 11 lines in squeue.
Thu Sep 28 15:53:02 UTC 2023: Monitor waiting 10 seconds...
Thu Sep 28 15:53:12 UTC 2023: Found 11 lines in squeue.
Thu Sep 28 15:53:12 UTC 2023: Monitor waiting 10 seconds...
Thu Sep 28 15:53:22 UTC 2023: Found 11 lines in squeue.
Thu Sep 28 15:53:22 UTC 2023: Monitor waiting 10 seconds...
Thu Sep 28 15:53:32 UTC 2023: Found 11 lines in squeue.
Thu Sep 28 15:53:32 UTC 2023: Monitor waiting 10 seconds...
Thu Sep 28 15:53:42 UTC 2023: Found 11 lines in squeue.
Thu Sep 28 15:53:42 UTC 2023: Monitor waiting 10 seconds...
Thu Sep 28 15:53:52 UTC 2023: Found 11 lines in squeue.
Thu Sep 28 15:53:52 UTC 2023: Monitor waiting 10 seconds...
Thu Sep 28 15:54:02 UTC 2023: Found 11 lines in squeue.
Thu Sep 28 15:54:02 UTC 2023: Monitor waiting 10 seconds...
Thu Sep 28 15:54:12 UTC 2023: Found 11 lines in squeue.
Thu Sep 28 15:54:12 UTC 2023: Monitor waiting 10 seconds...
Thu Sep 28 15:54:22 UTC 2023: Found 11 lines in squeue.
Thu Sep 28 15:54:22 UTC 2023: Monitor waiting 10 seconds...
Thu Sep 28 15:54:32 UTC 2023: Found 11 lines in squeue.
Thu Sep 28 15:54:32 UTC 2023: Monitor waiting 10 seconds...
Thu Sep 28 15:54:42 UTC 2023: Found 11 lines in squeue.
Thu Sep 28 15:54:42 UTC 2023: Monitor waiting 10 seconds...
Thu Sep 28 15:54:53 UTC 2023: Found 11 lines in squeue.
Thu Sep 28 15:54:53 UTC 2023: Monitor waiting 10 seconds...
Thu Sep 28 15:55:03 UTC 2023: Found 11 lines in squeue.
Thu Sep 28 15:55:03 UTC 2023: Monitor waiting 10 seconds...
Thu Sep 28 15:55:13 UTC 2023: Found 11 lines in squeue.
Thu Sep 28 15:55:13 UTC 2023: Monitor waiting 10 seconds...
Thu Sep 28 15:55:23 UTC 2023: Found 11 lines in squeue.
Thu Sep 28 15:55:23 UTC 2023: Monitor waiting 10 seconds...
Thu Sep 28 15:55:33 UTC 2023: Found 11 lines in squeue.
Thu Sep 28 15:55:33 UTC 2023: Monitor waiting 10 seconds...
Thu Sep 28 15:55:43 UTC 2023: Found 11 lines in squeue.
Thu Sep 28 15:55:43 UTC 2023: Monitor waiting 10 seconds...
Thu Sep 28 15:55:53 UTC 2023: Found 11 lines in squeue.
Thu Sep 28 15:55:53 UTC 2023: Monitor waiting 10 seconds...
Thu Sep 28 15:56:03 UTC 2023: Found 11 lines in squeue.
Thu Sep 28 15:56:03 UTC 2023: Monitor waiting 10 seconds...
Thu Sep 28 15:56:13 UTC 2023: Found 11 lines in squeue.
Thu Sep 28 15:56:13 UTC 2023: Monitor waiting 10 seconds...
Thu Sep 28 15:56:23 UTC 2023: Found 11 lines in squeue.
Thu Sep 28 15:56:23 UTC 2023: Monitor waiting 10 seconds...
Thu Sep 28 15:56:33 UTC 2023: Found 11 lines in squeue.
Thu Sep 28 15:56:33 UTC 2023: Monitor waiting 10 seconds...
Thu Sep 28 15:56:43 UTC 2023: Found 11 lines in squeue.
Thu Sep 28 15:56:43 UTC 2023: Monitor waiting 10 seconds...
Thu Sep 28 15:56:53 UTC 2023: Found 11 lines in squeue.
Thu Sep 28 15:56:53 UTC 2023: Monitor waiting 10 seconds...
Thu Sep 28 15:57:03 UTC 2023: Found 11 lines in squeue.
Thu Sep 28 15:57:03 UTC 2023: Monitor waiting 10 seconds...
Thu Sep 28 15:57:13 UTC 2023: Found 11 lines in squeue.
Thu Sep 28 15:57:13 UTC 2023: Monitor waiting 10 seconds...
Thu Sep 28 15:57:23 UTC 2023: Found 11 lines in squeue.
Thu Sep 28 15:57:23 UTC 2023: Monitor waiting 10 seconds...
Thu Sep 28 15:57:33 UTC 2023: Found 11 lines in squeue.
Thu Sep 28 15:57:33 UTC 2023: Monitor waiting 10 seconds...
Thu Sep 28 15:57:43 UTC 2023: Found 11 lines in squeue.
Thu Sep 28 15:57:43 UTC 2023: Monitor waiting 10 seconds...
Thu Sep 28 15:57:53 UTC 2023: Found 11 lines in squeue.
Thu Sep 28 15:57:53 UTC 2023: Monitor waiting 10 seconds...
Thu Sep 28 15:58:03 UTC 2023: Found 11 lines in squeue.
Thu Sep 28 15:58:03 UTC 2023: Monitor waiting 10 seconds...
Thu Sep 28 15:58:13 UTC 2023: Found 11 lines in squeue.
Thu Sep 28 15:58:13 UTC 2023: Monitor waiting 10 seconds...
Thu Sep 28 15:58:23 UTC 2023: Found 11 lines in squeue.
Thu Sep 28 15:58:23 UTC 2023: Monitor waiting 10 seconds...
Thu Sep 28 15:58:33 UTC 2023: Found 11 lines in squeue.
Thu Sep 28 15:58:33 UTC 2023: Monitor waiting 10 seconds...
Thu Sep 28 15:58:43 UTC 2023: Found 11 lines in squeue.
Thu Sep 28 15:58:43 UTC 2023: Monitor waiting 10 seconds...
Thu Sep 28 15:58:54 UTC 2023: Found 11 lines in squeue.
Thu Sep 28 15:58:54 UTC 2023: Monitor waiting 10 seconds...
Thu Sep 28 15:59:04 UTC 2023: Found 11 lines in squeue.
Thu Sep 28 15:59:04 UTC 2023: Monitor waiting 10 seconds...
Thu Sep 28 15:59:14 UTC 2023: Found 11 lines in squeue.
Thu Sep 28 15:59:14 UTC 2023: Monitor waiting 10 seconds...
Thu Sep 28 15:59:24 UTC 2023: Found 11 lines in squeue.
Thu Sep 28 15:59:24 UTC 2023: Monitor waiting 10 seconds...
Thu Sep 28 15:59:34 UTC 2023: Found 11 lines in squeue.
Thu Sep 28 15:59:34 UTC 2023: Monitor waiting 10 seconds...
Thu Sep 28 15:59:44 UTC 2023: Found 11 lines in squeue.
Thu Sep 28 15:59:44 UTC 2023: Monitor waiting 10 seconds...
Thu Sep 28 15:59:54 UTC 2023: Found 11 lines in squeue.
Thu Sep 28 15:59:54 UTC 2023: Monitor waiting 10 seconds...
Thu Sep 28 16:00:04 UTC 2023: Found 11 lines in squeue.
Thu Sep 28 16:00:04 UTC 2023: Monitor waiting 10 seconds...
Thu Sep 28 16:00:14 UTC 2023: Found 11 lines in squeue.
Thu Sep 28 16:00:14 UTC 2023: Monitor waiting 10 seconds...
Thu Sep 28 16:00:24 UTC 2023: Found 11 lines in squeue.
Thu Sep 28 16:00:24 UTC 2023: Monitor waiting 10 seconds...
Thu Sep 28 16:00:34 UTC 2023: Found 11 lines in squeue.
Thu Sep 28 16:00:34 UTC 2023: Monitor waiting 10 seconds...
Thu Sep 28 16:00:44 UTC 2023: Found 11 lines in squeue.
Thu Sep 28 16:00:44 UTC 2023: Monitor waiting 10 seconds...
Thu Sep 28 16:00:54 UTC 2023: Found 11 lines in squeue.
Thu Sep 28 16:00:54 UTC 2023: Monitor waiting 10 seconds...
Thu Sep 28 16:01:04 UTC 2023: Found 11 lines in squeue.
Thu Sep 28 16:01:04 UTC 2023: Monitor waiting 10 seconds...
Thu Sep 28 16:01:14 UTC 2023: Found 11 lines in squeue.
Thu Sep 28 16:01:14 UTC 2023: Monitor waiting 10 seconds...
Thu Sep 28 16:01:24 UTC 2023: Found 11 lines in squeue.
Thu Sep 28 16:01:24 UTC 2023: Monitor waiting 10 seconds...
Thu Sep 28 16:01:34 UTC 2023: Found 11 lines in squeue.
Thu Sep 28 16:01:34 UTC 2023: Monitor waiting 10 seconds...
Thu Sep 28 16:01:44 UTC 2023: Found 11 lines in squeue.
Thu Sep 28 16:01:44 UTC 2023: Monitor waiting 10 seconds...
Thu Sep 28 16:01:54 UTC 2023: Found 11 lines in squeue.
Thu Sep 28 16:01:54 UTC 2023: Monitor waiting 10 seconds...
Thu Sep 28 16:02:04 UTC 2023: Found 11 lines in squeue.
Thu Sep 28 16:02:04 UTC 2023: Monitor waiting 10 seconds...
Thu Sep 28 16:02:14 UTC 2023: Found 11 lines in squeue.
Thu Sep 28 16:02:14 UTC 2023: Monitor waiting 10 seconds...
Thu Sep 28 16:02:24 UTC 2023: Found 11 lines in squeue.
Thu Sep 28 16:02:24 UTC 2023: Monitor waiting 10 seconds...
Thu Sep 28 16:02:34 UTC 2023: Found 11 lines in squeue.
Thu Sep 28 16:02:34 UTC 2023: Monitor waiting 10 seconds...
Thu Sep 28 16:02:44 UTC 2023: Found 11 lines in squeue.
Thu Sep 28 16:02:44 UTC 2023: Monitor waiting 10 seconds...
Thu Sep 28 16:02:54 UTC 2023: Found 11 lines in squeue.
Thu Sep 28 16:02:54 UTC 2023: Monitor waiting 10 seconds...
Thu Sep 28 16:03:04 UTC 2023: Found 11 lines in squeue.
Thu Sep 28 16:03:04 UTC 2023: Monitor waiting 10 seconds...
Thu Sep 28 16:03:14 UTC 2023: Found 11 lines in squeue.
Thu Sep 28 16:03:14 UTC 2023: Monitor waiting 10 seconds...
Thu Sep 28 16:03:25 UTC 2023: Found 11 lines in squeue.
Thu Sep 28 16:03:25 UTC 2023: Monitor waiting 10 seconds...
Thu Sep 28 16:03:35 UTC 2023: Found 11 lines in squeue.
Thu Sep 28 16:03:35 UTC 2023: Monitor waiting 10 seconds...
Thu Sep 28 16:03:45 UTC 2023: Found 11 lines in squeue.
Thu Sep 28 16:03:45 UTC 2023: Monitor waiting 10 seconds...
Thu Sep 28 16:03:55 UTC 2023: Found 11 lines in squeue.
Thu Sep 28 16:03:55 UTC 2023: Monitor waiting 10 seconds...
Thu Sep 28 16:04:05 UTC 2023: Found 11 lines in squeue.
Thu Sep 28 16:04:05 UTC 2023: Monitor waiting 10 seconds...
Thu Sep 28 16:04:15 UTC 2023: Found 11 lines in squeue.
Thu Sep 28 16:04:15 UTC 2023: Monitor waiting 10 seconds...
Thu Sep 28 16:04:25 UTC 2023: Found 11 lines in squeue.
Thu Sep 28 16:04:25 UTC 2023: Monitor waiting 10 seconds...
Thu Sep 28 16:04:35 UTC 2023: Found 11 lines in squeue.
Thu Sep 28 16:04:35 UTC 2023: Monitor waiting 10 seconds...
Thu Sep 28 16:04:45 UTC 2023: Found 11 lines in squeue.
Thu Sep 28 16:04:45 UTC 2023: Monitor waiting 10 seconds...
Thu Sep 28 16:04:55 UTC 2023: Found 11 lines in squeue.
Thu Sep 28 16:04:55 UTC 2023: Monitor waiting 10 seconds...
Thu Sep 28 16:05:05 UTC 2023: Found 11 lines in squeue.
Thu Sep 28 16:05:05 UTC 2023: Monitor waiting 10 seconds...
Thu Sep 28 16:05:15 UTC 2023: Found 11 lines in squeue.
Thu Sep 28 16:05:15 UTC 2023: Monitor waiting 10 seconds...
Thu Sep 28 16:05:25 UTC 2023: Found 11 lines in squeue.
Thu Sep 28 16:05:25 UTC 2023: Monitor waiting 10 seconds...
Thu Sep 28 16:05:35 UTC 2023: Found 11 lines in squeue.
Thu Sep 28 16:05:35 UTC 2023: Monitor waiting 10 seconds...
Thu Sep 28 16:05:45 UTC 2023: Found 11 lines in squeue.
Thu Sep 28 16:05:45 UTC 2023: Monitor waiting 10 seconds...
Thu Sep 28 16:05:55 UTC 2023: Found 11 lines in squeue.
Thu Sep 28 16:05:55 UTC 2023: Monitor waiting 10 seconds...
Thu Sep 28 16:06:05 UTC 2023: Found 11 lines in squeue.
Thu Sep 28 16:06:05 UTC 2023: Monitor waiting 10 seconds...
Thu Sep 28 16:06:15 UTC 2023: Found 11 lines in squeue.
Thu Sep 28 16:06:15 UTC 2023: Monitor waiting 10 seconds...
Thu Sep 28 16:06:25 UTC 2023: Found 11 lines in squeue.
Thu Sep 28 16:06:25 UTC 2023: Monitor waiting 10 seconds...
Thu Sep 28 16:06:35 UTC 2023: Found 11 lines in squeue.
Thu Sep 28 16:06:35 UTC 2023: Monitor waiting 10 seconds...
Thu Sep 28 16:06:45 UTC 2023: Found 11 lines in squeue.
Thu Sep 28 16:06:45 UTC 2023: Monitor waiting 10 seconds...
Thu Sep 28 16:06:55 UTC 2023: Found 11 lines in squeue.
Thu Sep 28 16:06:55 UTC 2023: Monitor waiting 10 seconds...
Thu Sep 28 16:07:05 UTC 2023: Found 11 lines in squeue.
Thu Sep 28 16:07:05 UTC 2023: Monitor waiting 10 seconds...
Thu Sep 28 16:07:15 UTC 2023: Found 11 lines in squeue.
Thu Sep 28 16:07:15 UTC 2023: Monitor waiting 10 seconds...
Thu Sep 28 16:07:25 UTC 2023: Found 11 lines in squeue.
Thu Sep 28 16:07:25 UTC 2023: Monitor waiting 10 seconds...
Thu Sep 28 16:07:36 UTC 2023: Found 11 lines in squeue.
Thu Sep 28 16:07:36 UTC 2023: Monitor waiting 10 seconds...
Thu Sep 28 16:07:46 UTC 2023: Found 11 lines in squeue.
Thu Sep 28 16:07:46 UTC 2023: Monitor waiting 10 seconds...
Thu Sep 28 16:07:56 UTC 2023: Found 11 lines in squeue.
Thu Sep 28 16:07:56 UTC 2023: Monitor waiting 10 seconds...
Thu Sep 28 16:08:06 UTC 2023: Found 11 lines in squeue.
Thu Sep 28 16:08:06 UTC 2023: Monitor waiting 10 seconds...
Thu Sep 28 16:08:16 UTC 2023: Found 11 lines in squeue.
Thu Sep 28 16:08:16 UTC 2023: Monitor waiting 10 seconds...
Thu Sep 28 16:08:26 UTC 2023: Found 11 lines in squeue.
Thu Sep 28 16:08:26 UTC 2023: Monitor waiting 10 seconds...
Thu Sep 28 16:08:36 UTC 2023: Found 11 lines in squeue.
Thu Sep 28 16:08:36 UTC 2023: Monitor waiting 10 seconds...
Thu Sep 28 16:08:46 UTC 2023: Found 11 lines in squeue.
Thu Sep 28 16:08:46 UTC 2023: Monitor waiting 10 seconds...
Thu Sep 28 16:08:56 UTC 2023: Found 11 lines in squeue.
Thu Sep 28 16:08:56 UTC 2023: Monitor waiting 10 seconds...
Thu Sep 28 16:09:06 UTC 2023: Found 11 lines in squeue.
Thu Sep 28 16:09:06 UTC 2023: Monitor waiting 10 seconds...
Thu Sep 28 16:09:16 UTC 2023: Found 11 lines in squeue.
Thu Sep 28 16:09:16 UTC 2023: Monitor waiting 10 seconds...
Thu Sep 28 16:09:26 UTC 2023: Found 11 lines in squeue.
Thu Sep 28 16:09:26 UTC 2023: Monitor waiting 10 seconds...
Thu Sep 28 16:09:36 UTC 2023: Found 11 lines in squeue.
Thu Sep 28 16:09:36 UTC 2023: Monitor waiting 10 seconds...
Thu Sep 28 16:09:46 UTC 2023: Found 11 lines in squeue.
Thu Sep 28 16:09:46 UTC 2023: Monitor waiting 10 seconds...
Thu Sep 28 16:09:56 UTC 2023: Found 11 lines in squeue.
Thu Sep 28 16:09:56 UTC 2023: Monitor waiting 10 seconds...
Thu Sep 28 16:10:06 UTC 2023: Found 11 lines in squeue.
Thu Sep 28 16:10:06 UTC 2023: Monitor waiting 10 seconds...
Thu Sep 28 16:10:16 UTC 2023: Found 11 lines in squeue.
Thu Sep 28 16:10:16 UTC 2023: Monitor waiting 10 seconds...
Thu Sep 28 16:10:26 UTC 2023: Found 11 lines in squeue.
Thu Sep 28 16:10:26 UTC 2023: Monitor waiting 10 seconds...
Thu Sep 28 16:10:36 UTC 2023: Found 11 lines in squeue.
Thu Sep 28 16:10:36 UTC 2023: Monitor waiting 10 seconds...
Thu Sep 28 16:10:46 UTC 2023: Found 11 lines in squeue.
Thu Sep 28 16:10:46 UTC 2023: Monitor waiting 10 seconds...
Thu Sep 28 16:10:56 UTC 2023: Found 11 lines in squeue.
Thu Sep 28 16:10:56 UTC 2023: Monitor waiting 10 seconds...
Thu Sep 28 16:11:06 UTC 2023: Found 11 lines in squeue.
Thu Sep 28 16:11:06 UTC 2023: Monitor waiting 10 seconds...
Thu Sep 28 16:11:16 UTC 2023: Found 11 lines in squeue.
Thu Sep 28 16:11:16 UTC 2023: Monitor waiting 10 seconds...
Thu Sep 28 16:11:26 UTC 2023: Found 11 lines in squeue.
Thu Sep 28 16:11:26 UTC 2023: Monitor waiting 10 seconds...
Thu Sep 28 16:11:36 UTC 2023: Found 11 lines in squeue.
Thu Sep 28 16:11:36 UTC 2023: Monitor waiting 10 seconds...
Thu Sep 28 16:11:47 UTC 2023: Found 11 lines in squeue.
Thu Sep 28 16:11:47 UTC 2023: Monitor waiting 10 seconds...
Thu Sep 28 16:11:57 UTC 2023: Found 11 lines in squeue.
Thu Sep 28 16:11:57 UTC 2023: Monitor waiting 10 seconds...
Thu Sep 28 16:12:07 UTC 2023: Found 11 lines in squeue.
Thu Sep 28 16:12:07 UTC 2023: Monitor waiting 10 seconds...
Thu Sep 28 16:12:17 UTC 2023: Found 11 lines in squeue.
Thu Sep 28 16:12:17 UTC 2023: Monitor waiting 10 seconds...
Thu Sep 28 16:12:27 UTC 2023: Found 11 lines in squeue.
Thu Sep 28 16:12:27 UTC 2023: Monitor waiting 10 seconds...
Thu Sep 28 16:12:37 UTC 2023: Found 11 lines in squeue.
Thu Sep 28 16:12:37 UTC 2023: Monitor waiting 10 seconds...
Thu Sep 28 16:12:47 UTC 2023: Found 11 lines in squeue.
Thu Sep 28 16:12:47 UTC 2023: Monitor waiting 10 seconds...
Thu Sep 28 16:12:57 UTC 2023: Found 11 lines in squeue.
Thu Sep 28 16:12:57 UTC 2023: Monitor waiting 10 seconds...
Thu Sep 28 16:13:07 UTC 2023: Found 11 lines in squeue.
Thu Sep 28 16:13:07 UTC 2023: Monitor waiting 10 seconds...
Thu Sep 28 16:13:17 UTC 2023: Found 11 lines in squeue.
Thu Sep 28 16:13:17 UTC 2023: Monitor waiting 10 seconds...
Thu Sep 28 16:13:27 UTC 2023: Found 11 lines in squeue.
Thu Sep 28 16:13:27 UTC 2023: Monitor waiting 10 seconds...
Thu Sep 28 16:13:37 UTC 2023: Found 11 lines in squeue.
Thu Sep 28 16:13:37 UTC 2023: Monitor waiting 10 seconds...
Thu Sep 28 16:13:47 UTC 2023: Found 11 lines in squeue.
Thu Sep 28 16:13:47 UTC 2023: Monitor waiting 10 seconds...
Thu Sep 28 16:13:57 UTC 2023: Found 11 lines in squeue.
Thu Sep 28 16:13:57 UTC 2023: Monitor waiting 10 seconds...
Thu Sep 28 16:14:07 UTC 2023: Found 11 lines in squeue.
Thu Sep 28 16:14:07 UTC 2023: Monitor waiting 10 seconds...
Thu Sep 28 16:14:17 UTC 2023: Found 11 lines in squeue.
Thu Sep 28 16:14:17 UTC 2023: Monitor waiting 10 seconds...
Thu Sep 28 16:14:27 UTC 2023: Found 11 lines in squeue.
Thu Sep 28 16:14:27 UTC 2023: Monitor waiting 10 seconds...
Thu Sep 28 16:14:37 UTC 2023: Found 11 lines in squeue.
Thu Sep 28 16:14:37 UTC 2023: Monitor waiting 10 seconds...
Thu Sep 28 16:14:47 UTC 2023: Found 11 lines in squeue.
Thu Sep 28 16:14:47 UTC 2023: Monitor waiting 10 seconds...
Thu Sep 28 16:14:57 UTC 2023: Found 11 lines in squeue.
Thu Sep 28 16:14:57 UTC 2023: Monitor waiting 10 seconds...
Thu Sep 28 16:15:07 UTC 2023: Found 11 lines in squeue.
Thu Sep 28 16:15:07 UTC 2023: Monitor waiting 10 seconds...
Thu Sep 28 16:15:17 UTC 2023: Found 11 lines in squeue.
Thu Sep 28 16:15:17 UTC 2023: Monitor waiting 10 seconds...
Thu Sep 28 16:15:27 UTC 2023: Found 11 lines in squeue.
Thu Sep 28 16:15:27 UTC 2023: Monitor waiting 10 seconds...
Thu Sep 28 16:15:37 UTC 2023: Found 11 lines in squeue.
Thu Sep 28 16:15:37 UTC 2023: Monitor waiting 10 seconds...
Thu Sep 28 16:15:47 UTC 2023: Found 11 lines in squeue.
Thu Sep 28 16:15:47 UTC 2023: Monitor waiting 10 seconds...
Thu Sep 28 16:15:57 UTC 2023: Found 11 lines in squeue.
Thu Sep 28 16:15:57 UTC 2023: Monitor waiting 10 seconds...
Thu Sep 28 16:16:08 UTC 2023: Found 11 lines in squeue.
Thu Sep 28 16:16:08 UTC 2023: Monitor waiting 10 seconds...
Thu Sep 28 16:16:18 UTC 2023: Found 11 lines in squeue.
Thu Sep 28 16:16:18 UTC 2023: Monitor waiting 10 seconds...
Thu Sep 28 16:16:28 UTC 2023: Found 11 lines in squeue.
Thu Sep 28 16:16:28 UTC 2023: Monitor waiting 10 seconds...
Thu Sep 28 16:16:38 UTC 2023: Found 11 lines in squeue.
Thu Sep 28 16:16:38 UTC 2023: Monitor waiting 10 seconds...
Thu Sep 28 16:16:48 UTC 2023: Found 11 lines in squeue.
Thu Sep 28 16:16:48 UTC 2023: Monitor waiting 10 seconds...
Thu Sep 28 16:16:58 UTC 2023: Found 11 lines in squeue.
Thu Sep 28 16:16:58 UTC 2023: Monitor waiting 10 seconds...
Thu Sep 28 16:17:08 UTC 2023: Found 11 lines in squeue.
Thu Sep 28 16:17:08 UTC 2023: Monitor waiting 10 seconds...
Thu Sep 28 16:17:18 UTC 2023: Found 11 lines in squeue.
Thu Sep 28 16:17:18 UTC 2023: Monitor waiting 10 seconds...
Thu Sep 28 16:17:28 UTC 2023: Found 11 lines in squeue.
Thu Sep 28 16:17:28 UTC 2023: Monitor waiting 10 seconds...
Thu Sep 28 16:17:38 UTC 2023: Found 11 lines in squeue.
Thu Sep 28 16:17:38 UTC 2023: Monitor waiting 10 seconds...
Thu Sep 28 16:17:48 UTC 2023: Found 11 lines in squeue.
Thu Sep 28 16:17:48 UTC 2023: Monitor waiting 10 seconds...
Thu Sep 28 16:17:58 UTC 2023: Found 11 lines in squeue.
Thu Sep 28 16:17:58 UTC 2023: Monitor waiting 10 seconds...
Thu Sep 28 16:18:08 UTC 2023: Found 11 lines in squeue.
Thu Sep 28 16:18:08 UTC 2023: Monitor waiting 10 seconds...
Thu Sep 28 16:18:18 UTC 2023: Found 11 lines in squeue.
Thu Sep 28 16:18:18 UTC 2023: Monitor waiting 10 seconds...
Thu Sep 28 16:18:28 UTC 2023: Found 11 lines in squeue.
Thu Sep 28 16:18:28 UTC 2023: Monitor waiting 10 seconds...
Thu Sep 28 16:18:38 UTC 2023: Found 11 lines in squeue.
Thu Sep 28 16:18:38 UTC 2023: Monitor waiting 10 seconds...
Thu Sep 28 16:18:48 UTC 2023: Found 11 lines in squeue.
Thu Sep 28 16:18:48 UTC 2023: Monitor waiting 10 seconds...
Thu Sep 28 16:18:58 UTC 2023: Found 11 lines in squeue.
Thu Sep 28 16:18:58 UTC 2023: Monitor waiting 10 seconds...
Thu Sep 28 16:19:08 UTC 2023: Found 11 lines in squeue.
Thu Sep 28 16:19:08 UTC 2023: Monitor waiting 10 seconds...
Thu Sep 28 16:19:18 UTC 2023: Found 11 lines in squeue.
Thu Sep 28 16:19:18 UTC 2023: Monitor waiting 10 seconds...
Thu Sep 28 16:19:28 UTC 2023: Found 11 lines in squeue.
Thu Sep 28 16:19:28 UTC 2023: Monitor waiting 10 seconds...
Thu Sep 28 16:19:38 UTC 2023: Found 11 lines in squeue.
Thu Sep 28 16:19:38 UTC 2023: Monitor waiting 10 seconds...
Thu Sep 28 16:19:48 UTC 2023: Found 11 lines in squeue.
Thu Sep 28 16:19:48 UTC 2023: Monitor waiting 10 seconds...
Thu Sep 28 16:19:58 UTC 2023: Found 11 lines in squeue.
Thu Sep 28 16:19:58 UTC 2023: Monitor waiting 10 seconds...
Thu Sep 28 16:20:09 UTC 2023: Found 11 lines in squeue.
Thu Sep 28 16:20:09 UTC 2023: Monitor waiting 10 seconds...
Thu Sep 28 16:20:19 UTC 2023: Found 11 lines in squeue.
Thu Sep 28 16:20:19 UTC 2023: Monitor waiting 10 seconds...
Thu Sep 28 16:20:29 UTC 2023: Found 11 lines in squeue.
Thu Sep 28 16:20:29 UTC 2023: Monitor waiting 10 seconds...
Thu Sep 28 16:20:39 UTC 2023: Found 11 lines in squeue.
Thu Sep 28 16:20:39 UTC 2023: Monitor waiting 10 seconds...
Thu Sep 28 16:20:49 UTC 2023: Found 11 lines in squeue.
Thu Sep 28 16:20:49 UTC 2023: Monitor waiting 10 seconds...
Thu Sep 28 16:20:59 UTC 2023: Found 11 lines in squeue.
Thu Sep 28 16:20:59 UTC 2023: Monitor waiting 10 seconds...
Thu Sep 28 16:21:09 UTC 2023: Found 11 lines in squeue.
Thu Sep 28 16:21:09 UTC 2023: Monitor waiting 10 seconds...
Thu Sep 28 16:21:19 UTC 2023: Found 10 lines in squeue.
Thu Sep 28 16:21:19 UTC 2023: Monitor waiting 10 seconds...
Thu Sep 28 16:21:29 UTC 2023: Found 10 lines in squeue.
Thu Sep 28 16:21:29 UTC 2023: Monitor waiting 10 seconds...
Thu Sep 28 16:21:39 UTC 2023: Found 10 lines in squeue.
Thu Sep 28 16:21:39 UTC 2023: Monitor waiting 10 seconds...
Thu Sep 28 16:21:49 UTC 2023: Found 10 lines in squeue.
Thu Sep 28 16:21:49 UTC 2023: Monitor waiting 10 seconds...
Thu Sep 28 16:21:59 UTC 2023: Found 10 lines in squeue.
Thu Sep 28 16:21:59 UTC 2023: Monitor waiting 10 seconds...
Thu Sep 28 16:22:09 UTC 2023: Found 10 lines in squeue.
Thu Sep 28 16:22:09 UTC 2023: Monitor waiting 10 seconds...
Thu Sep 28 16:22:19 UTC 2023: Found 10 lines in squeue.
Thu Sep 28 16:22:19 UTC 2023: Monitor waiting 10 seconds...
Thu Sep 28 16:22:29 UTC 2023: Found 10 lines in squeue.
Thu Sep 28 16:22:29 UTC 2023: Monitor waiting 10 seconds...
Thu Sep 28 16:22:39 UTC 2023: Found 10 lines in squeue.
Thu Sep 28 16:22:39 UTC 2023: Monitor waiting 10 seconds...
Thu Sep 28 16:22:49 UTC 2023: Found 10 lines in squeue.
Thu Sep 28 16:22:49 UTC 2023: Monitor waiting 10 seconds...
Thu Sep 28 16:22:59 UTC 2023: Found 10 lines in squeue.
Thu Sep 28 16:22:59 UTC 2023: Monitor waiting 10 seconds...
Thu Sep 28 16:23:09 UTC 2023: Found 10 lines in squeue.
Thu Sep 28 16:23:09 UTC 2023: Monitor waiting 10 seconds...
Thu Sep 28 16:23:19 UTC 2023: Found 10 lines in squeue.
Thu Sep 28 16:23:19 UTC 2023: Monitor waiting 10 seconds...
Thu Sep 28 16:23:29 UTC 2023: Found 10 lines in squeue.
Thu Sep 28 16:23:29 UTC 2023: Monitor waiting 10 seconds...
Thu Sep 28 16:23:39 UTC 2023: Found 10 lines in squeue.
Thu Sep 28 16:23:39 UTC 2023: Monitor waiting 10 seconds...
Thu Sep 28 16:23:49 UTC 2023: Found 10 lines in squeue.
Thu Sep 28 16:23:49 UTC 2023: Monitor waiting 10 seconds...
Thu Sep 28 16:23:59 UTC 2023: Found 10 lines in squeue.
Thu Sep 28 16:23:59 UTC 2023: Monitor waiting 10 seconds...
Thu Sep 28 16:24:09 UTC 2023: Found 10 lines in squeue.
Thu Sep 28 16:24:09 UTC 2023: Monitor waiting 10 seconds...
Thu Sep 28 16:24:19 UTC 2023: Found 10 lines in squeue.
Thu Sep 28 16:24:19 UTC 2023: Monitor waiting 10 seconds...
Thu Sep 28 16:24:30 UTC 2023: Found 10 lines in squeue.
Thu Sep 28 16:24:30 UTC 2023: Monitor waiting 10 seconds...
Thu Sep 28 16:24:40 UTC 2023: Found 10 lines in squeue.
Thu Sep 28 16:24:40 UTC 2023: Monitor waiting 10 seconds...
Thu Sep 28 16:24:50 UTC 2023: Found 10 lines in squeue.
Thu Sep 28 16:24:50 UTC 2023: Monitor waiting 10 seconds...
Thu Sep 28 16:25:00 UTC 2023: Found 10 lines in squeue.
Thu Sep 28 16:25:00 UTC 2023: Monitor waiting 10 seconds...
Thu Sep 28 16:25:10 UTC 2023: Found 10 lines in squeue.
Thu Sep 28 16:25:10 UTC 2023: Monitor waiting 10 seconds...
Thu Sep 28 16:25:20 UTC 2023: Found 10 lines in squeue.
Thu Sep 28 16:25:20 UTC 2023: Monitor waiting 10 seconds...
Thu Sep 28 16:25:30 UTC 2023: Found 10 lines in squeue.
Thu Sep 28 16:25:30 UTC 2023: Monitor waiting 10 seconds...
Thu Sep 28 16:25:40 UTC 2023: Found 10 lines in squeue.
Thu Sep 28 16:25:40 UTC 2023: Monitor waiting 10 seconds...
Thu Sep 28 16:25:50 UTC 2023: Found 10 lines in squeue.
Thu Sep 28 16:25:50 UTC 2023: Monitor waiting 10 seconds...
Thu Sep 28 16:26:00 UTC 2023: Found 10 lines in squeue.
Thu Sep 28 16:26:00 UTC 2023: Monitor waiting 10 seconds...
Thu Sep 28 16:26:10 UTC 2023: Found 10 lines in squeue.
Thu Sep 28 16:26:10 UTC 2023: Monitor waiting 10 seconds...
Thu Sep 28 16:26:20 UTC 2023: Found 10 lines in squeue.
Thu Sep 28 16:26:20 UTC 2023: Monitor waiting 10 seconds...
Thu Sep 28 16:26:30 UTC 2023: Found 10 lines in squeue.
Thu Sep 28 16:26:30 UTC 2023: Monitor waiting 10 seconds...
Thu Sep 28 16:26:40 UTC 2023: Found 10 lines in squeue.
Thu Sep 28 16:26:40 UTC 2023: Monitor waiting 10 seconds...
Thu Sep 28 16:26:50 UTC 2023: Found 10 lines in squeue.
Thu Sep 28 16:26:50 UTC 2023: Monitor waiting 10 seconds...
Thu Sep 28 16:27:00 UTC 2023: Found 10 lines in squeue.
Thu Sep 28 16:27:00 UTC 2023: Monitor waiting 10 seconds...
Thu Sep 28 16:27:10 UTC 2023: Found 10 lines in squeue.
Thu Sep 28 16:27:10 UTC 2023: Monitor waiting 10 seconds...
Thu Sep 28 16:27:20 UTC 2023: Found 10 lines in squeue.
Thu Sep 28 16:27:20 UTC 2023: Monitor waiting 10 seconds...
Thu Sep 28 16:27:30 UTC 2023: Found 10 lines in squeue.
Thu Sep 28 16:27:30 UTC 2023: Monitor waiting 10 seconds...
Thu Sep 28 16:27:40 UTC 2023: Found 10 lines in squeue.
Thu Sep 28 16:27:40 UTC 2023: Monitor waiting 10 seconds...
Thu Sep 28 16:27:50 UTC 2023: Found 10 lines in squeue.
Thu Sep 28 16:27:50 UTC 2023: Monitor waiting 10 seconds...
Thu Sep 28 16:28:00 UTC 2023: Found 10 lines in squeue.
Thu Sep 28 16:28:00 UTC 2023: Monitor waiting 10 seconds...
Thu Sep 28 16:28:10 UTC 2023: Found 10 lines in squeue.
Thu Sep 28 16:28:10 UTC 2023: Monitor waiting 10 seconds...
Thu Sep 28 16:28:20 UTC 2023: Found 10 lines in squeue.
Thu Sep 28 16:28:20 UTC 2023: Monitor waiting 10 seconds...
Thu Sep 28 16:28:31 UTC 2023: Found 10 lines in squeue.
Thu Sep 28 16:28:31 UTC 2023: Monitor waiting 10 seconds...
Thu Sep 28 16:28:41 UTC 2023: Found 10 lines in squeue.
Thu Sep 28 16:28:41 UTC 2023: Monitor waiting 10 seconds...
Thu Sep 28 16:28:51 UTC 2023: Found 10 lines in squeue.
Thu Sep 28 16:28:51 UTC 2023: Monitor waiting 10 seconds...
Thu Sep 28 16:29:01 UTC 2023: Found 10 lines in squeue.
Thu Sep 28 16:29:01 UTC 2023: Monitor waiting 10 seconds...
Thu Sep 28 16:29:11 UTC 2023: Found 10 lines in squeue.
Thu Sep 28 16:29:11 UTC 2023: Monitor waiting 10 seconds...
Thu Sep 28 16:29:21 UTC 2023: Found 10 lines in squeue.
Thu Sep 28 16:29:21 UTC 2023: Monitor waiting 10 seconds...
Thu Sep 28 16:29:31 UTC 2023: Found 10 lines in squeue.
Thu Sep 28 16:29:31 UTC 2023: Monitor waiting 10 seconds...
Thu Sep 28 16:29:41 UTC 2023: Found 10 lines in squeue.
Thu Sep 28 16:29:41 UTC 2023: Monitor waiting 10 seconds...
Thu Sep 28 16:29:51 UTC 2023: Found 10 lines in squeue.
Thu Sep 28 16:29:51 UTC 2023: Monitor waiting 10 seconds...
Thu Sep 28 16:30:01 UTC 2023: Found 10 lines in squeue.
Thu Sep 28 16:30:01 UTC 2023: Monitor waiting 10 seconds...
Thu Sep 28 16:30:11 UTC 2023: Found 10 lines in squeue.
Thu Sep 28 16:30:11 UTC 2023: Monitor waiting 10 seconds...
Thu Sep 28 16:30:21 UTC 2023: Found 10 lines in squeue.
Thu Sep 28 16:30:21 UTC 2023: Monitor waiting 10 seconds...
Thu Sep 28 16:30:31 UTC 2023: Found 10 lines in squeue.
Thu Sep 28 16:30:31 UTC 2023: Monitor waiting 10 seconds...
Thu Sep 28 16:30:41 UTC 2023: Found 10 lines in squeue.
Thu Sep 28 16:30:41 UTC 2023: Monitor waiting 10 seconds...
Thu Sep 28 16:30:51 UTC 2023: Found 10 lines in squeue.
Thu Sep 28 16:30:51 UTC 2023: Monitor waiting 10 seconds...
Thu Sep 28 16:31:01 UTC 2023: Found 10 lines in squeue.
Thu Sep 28 16:31:01 UTC 2023: Monitor waiting 10 seconds...
Thu Sep 28 16:31:11 UTC 2023: Found 9 lines in squeue.
Thu Sep 28 16:31:11 UTC 2023: Monitor waiting 10 seconds...
Thu Sep 28 16:31:21 UTC 2023: Found 9 lines in squeue.
Thu Sep 28 16:31:21 UTC 2023: Monitor waiting 10 seconds...
Thu Sep 28 16:31:31 UTC 2023: Found 9 lines in squeue.
Thu Sep 28 16:31:31 UTC 2023: Monitor waiting 10 seconds...
Thu Sep 28 16:31:41 UTC 2023: Found 9 lines in squeue.
Thu Sep 28 16:31:41 UTC 2023: Monitor waiting 10 seconds...
Thu Sep 28 16:31:51 UTC 2023: Found 9 lines in squeue.
Thu Sep 28 16:31:51 UTC 2023: Monitor waiting 10 seconds...
Thu Sep 28 16:32:01 UTC 2023: Found 9 lines in squeue.
Thu Sep 28 16:32:01 UTC 2023: Monitor waiting 10 seconds...
Thu Sep 28 16:32:11 UTC 2023: Found 9 lines in squeue.
Thu Sep 28 16:32:11 UTC 2023: Monitor waiting 10 seconds...
Thu Sep 28 16:32:21 UTC 2023: Found 9 lines in squeue.
Thu Sep 28 16:32:21 UTC 2023: Monitor waiting 10 seconds...
Thu Sep 28 16:32:31 UTC 2023: Found 9 lines in squeue.
Thu Sep 28 16:32:31 UTC 2023: Monitor waiting 10 seconds...
Thu Sep 28 16:32:42 UTC 2023: Found 9 lines in squeue.
Thu Sep 28 16:32:42 UTC 2023: Monitor waiting 10 seconds...
Thu Sep 28 16:32:52 UTC 2023: Found 9 lines in squeue.
Thu Sep 28 16:32:52 UTC 2023: Monitor waiting 10 seconds...
Thu Sep 28 16:33:02 UTC 2023: Found 9 lines in squeue.
Thu Sep 28 16:33:02 UTC 2023: Monitor waiting 10 seconds...
Thu Sep 28 16:33:12 UTC 2023: Found 9 lines in squeue.
Thu Sep 28 16:33:12 UTC 2023: Monitor waiting 10 seconds...
Thu Sep 28 16:33:22 UTC 2023: Found 9 lines in squeue.
Thu Sep 28 16:33:22 UTC 2023: Monitor waiting 10 seconds...
Thu Sep 28 16:33:32 UTC 2023: Found 9 lines in squeue.
Thu Sep 28 16:33:32 UTC 2023: Monitor waiting 10 seconds...
Thu Sep 28 16:33:42 UTC 2023: Found 9 lines in squeue.
Thu Sep 28 16:33:42 UTC 2023: Monitor waiting 10 seconds...
Thu Sep 28 16:33:52 UTC 2023: Found 9 lines in squeue.
Thu Sep 28 16:33:52 UTC 2023: Monitor waiting 10 seconds...
Thu Sep 28 16:34:02 UTC 2023: Found 9 lines in squeue.
Thu Sep 28 16:34:02 UTC 2023: Monitor waiting 10 seconds...
Thu Sep 28 16:34:12 UTC 2023: Found 9 lines in squeue.
Thu Sep 28 16:34:12 UTC 2023: Monitor waiting 10 seconds...
Thu Sep 28 16:34:22 UTC 2023: Found 9 lines in squeue.
Thu Sep 28 16:34:22 UTC 2023: Monitor waiting 10 seconds...
Thu Sep 28 16:34:32 UTC 2023: Found 9 lines in squeue.
Thu Sep 28 16:34:32 UTC 2023: Monitor waiting 10 seconds...
Thu Sep 28 16:34:42 UTC 2023: Found 9 lines in squeue.
Thu Sep 28 16:34:42 UTC 2023: Monitor waiting 10 seconds...
Thu Sep 28 16:34:52 UTC 2023: Found 9 lines in squeue.
Thu Sep 28 16:34:52 UTC 2023: Monitor waiting 10 seconds...
Thu Sep 28 16:35:02 UTC 2023: Found 9 lines in squeue.
Thu Sep 28 16:35:02 UTC 2023: Monitor waiting 10 seconds...
Thu Sep 28 16:35:12 UTC 2023: Found 9 lines in squeue.
Thu Sep 28 16:35:12 UTC 2023: Monitor waiting 10 seconds...
Thu Sep 28 16:35:22 UTC 2023: Found 9 lines in squeue.
Thu Sep 28 16:35:22 UTC 2023: Monitor waiting 10 seconds...
Thu Sep 28 16:35:32 UTC 2023: Found 8 lines in squeue.
Thu Sep 28 16:35:32 UTC 2023: Monitor waiting 10 seconds...
Thu Sep 28 16:35:42 UTC 2023: Found 8 lines in squeue.
Thu Sep 28 16:35:42 UTC 2023: Monitor waiting 10 seconds...
Thu Sep 28 16:35:52 UTC 2023: Found 8 lines in squeue.
Thu Sep 28 16:35:52 UTC 2023: Monitor waiting 10 seconds...
Thu Sep 28 16:36:02 UTC 2023: Found 8 lines in squeue.
Thu Sep 28 16:36:02 UTC 2023: Monitor waiting 10 seconds...
Thu Sep 28 16:36:12 UTC 2023: Found 8 lines in squeue.
Thu Sep 28 16:36:12 UTC 2023: Monitor waiting 10 seconds...
Thu Sep 28 16:36:22 UTC 2023: Found 8 lines in squeue.
Thu Sep 28 16:36:22 UTC 2023: Monitor waiting 10 seconds...
Thu Sep 28 16:36:32 UTC 2023: Found 8 lines in squeue.
Thu Sep 28 16:36:32 UTC 2023: Monitor waiting 10 seconds...
Thu Sep 28 16:36:42 UTC 2023: Found 8 lines in squeue.
Thu Sep 28 16:36:42 UTC 2023: Monitor waiting 10 seconds...
Thu Sep 28 16:36:52 UTC 2023: Found 8 lines in squeue.
Thu Sep 28 16:36:52 UTC 2023: Monitor waiting 10 seconds...
Thu Sep 28 16:37:02 UTC 2023: Found 8 lines in squeue.
Thu Sep 28 16:37:02 UTC 2023: Monitor waiting 10 seconds...
Thu Sep 28 16:37:12 UTC 2023: Found 8 lines in squeue.
Thu Sep 28 16:37:12 UTC 2023: Monitor waiting 10 seconds...
Thu Sep 28 16:37:22 UTC 2023: Found 8 lines in squeue.
Thu Sep 28 16:37:23 UTC 2023: Monitor waiting 10 seconds...
Thu Sep 28 16:37:33 UTC 2023: Found 8 lines in squeue.
Thu Sep 28 16:37:33 UTC 2023: Monitor waiting 10 seconds...
Thu Sep 28 16:37:43 UTC 2023: Found 8 lines in squeue.
Thu Sep 28 16:37:43 UTC 2023: Monitor waiting 10 seconds...
Thu Sep 28 16:37:53 UTC 2023: Found 8 lines in squeue.
Thu Sep 28 16:37:53 UTC 2023: Monitor waiting 10 seconds...
Thu Sep 28 16:38:03 UTC 2023: Found 8 lines in squeue.
Thu Sep 28 16:38:03 UTC 2023: Monitor waiting 10 seconds...
Thu Sep 28 16:38:13 UTC 2023: Found 8 lines in squeue.
Thu Sep 28 16:38:13 UTC 2023: Monitor waiting 10 seconds...
Thu Sep 28 16:38:23 UTC 2023: Found 8 lines in squeue.
Thu Sep 28 16:38:23 UTC 2023: Monitor waiting 10 seconds...
Thu Sep 28 16:38:33 UTC 2023: Found 8 lines in squeue.
Thu Sep 28 16:38:33 UTC 2023: Monitor waiting 10 seconds...
Thu Sep 28 16:38:43 UTC 2023: Found 8 lines in squeue.
Thu Sep 28 16:38:43 UTC 2023: Monitor waiting 10 seconds...
Thu Sep 28 16:38:53 UTC 2023: Found 8 lines in squeue.
Thu Sep 28 16:38:53 UTC 2023: Monitor waiting 10 seconds...
Thu Sep 28 16:39:03 UTC 2023: Found 8 lines in squeue.
Thu Sep 28 16:39:03 UTC 2023: Monitor waiting 10 seconds...
Thu Sep 28 16:39:13 UTC 2023: Found 8 lines in squeue.
Thu Sep 28 16:39:13 UTC 2023: Monitor waiting 10 seconds...
Thu Sep 28 16:39:23 UTC 2023: Found 8 lines in squeue.
Thu Sep 28 16:39:23 UTC 2023: Monitor waiting 10 seconds...
Thu Sep 28 16:39:33 UTC 2023: Found 8 lines in squeue.
Thu Sep 28 16:39:33 UTC 2023: Monitor waiting 10 seconds...
Thu Sep 28 16:39:43 UTC 2023: Found 8 lines in squeue.
Thu Sep 28 16:39:43 UTC 2023: Monitor waiting 10 seconds...
Thu Sep 28 16:39:53 UTC 2023: Found 8 lines in squeue.
Thu Sep 28 16:39:53 UTC 2023: Monitor waiting 10 seconds...
Thu Sep 28 16:40:03 UTC 2023: Found 8 lines in squeue.
Thu Sep 28 16:40:03 UTC 2023: Monitor waiting 10 seconds...
Thu Sep 28 16:40:13 UTC 2023: Found 8 lines in squeue.
Thu Sep 28 16:40:13 UTC 2023: Monitor waiting 10 seconds...
Thu Sep 28 16:40:23 UTC 2023: Found 8 lines in squeue.
Thu Sep 28 16:40:23 UTC 2023: Monitor waiting 10 seconds...
Thu Sep 28 16:40:33 UTC 2023: Found 8 lines in squeue.
Thu Sep 28 16:40:33 UTC 2023: Monitor waiting 10 seconds...
Thu Sep 28 16:40:43 UTC 2023: Found 8 lines in squeue.
Thu Sep 28 16:40:43 UTC 2023: Monitor waiting 10 seconds...
Thu Sep 28 16:40:53 UTC 2023: Found 8 lines in squeue.
Thu Sep 28 16:40:53 UTC 2023: Monitor waiting 10 seconds...
Thu Sep 28 16:41:03 UTC 2023: Found 8 lines in squeue.
Thu Sep 28 16:41:03 UTC 2023: Monitor waiting 10 seconds...
Thu Sep 28 16:41:13 UTC 2023: Found 8 lines in squeue.
Thu Sep 28 16:41:13 UTC 2023: Monitor waiting 10 seconds...
Thu Sep 28 16:41:23 UTC 2023: Found 8 lines in squeue.
Thu Sep 28 16:41:23 UTC 2023: Monitor waiting 10 seconds...
Thu Sep 28 16:41:33 UTC 2023: Found 8 lines in squeue.
Thu Sep 28 16:41:33 UTC 2023: Monitor waiting 10 seconds...
Thu Sep 28 16:41:43 UTC 2023: Found 8 lines in squeue.
Thu Sep 28 16:41:43 UTC 2023: Monitor waiting 10 seconds...
Thu Sep 28 16:41:53 UTC 2023: Found 8 lines in squeue.
Thu Sep 28 16:41:53 UTC 2023: Monitor waiting 10 seconds...
Thu Sep 28 16:42:04 UTC 2023: Found 8 lines in squeue.
Thu Sep 28 16:42:04 UTC 2023: Monitor waiting 10 seconds...
Thu Sep 28 16:42:14 UTC 2023: Found 8 lines in squeue.
Thu Sep 28 16:42:14 UTC 2023: Monitor waiting 10 seconds...
Thu Sep 28 16:42:24 UTC 2023: Found 8 lines in squeue.
Thu Sep 28 16:42:24 UTC 2023: Monitor waiting 10 seconds...
Thu Sep 28 16:42:34 UTC 2023: Found 8 lines in squeue.
Thu Sep 28 16:42:34 UTC 2023: Monitor waiting 10 seconds...
Thu Sep 28 16:42:44 UTC 2023: Found 7 lines in squeue.
Thu Sep 28 16:42:44 UTC 2023: Monitor waiting 10 seconds...
Thu Sep 28 16:42:54 UTC 2023: Found 7 lines in squeue.
Thu Sep 28 16:42:54 UTC 2023: Monitor waiting 10 seconds...
Thu Sep 28 16:43:04 UTC 2023: Found 7 lines in squeue.
Thu Sep 28 16:43:04 UTC 2023: Monitor waiting 10 seconds...
Thu Sep 28 16:43:14 UTC 2023: Found 7 lines in squeue.
Thu Sep 28 16:43:14 UTC 2023: Monitor waiting 10 seconds...
Thu Sep 28 16:43:24 UTC 2023: Found 7 lines in squeue.
Thu Sep 28 16:43:24 UTC 2023: Monitor waiting 10 seconds...
Thu Sep 28 16:43:34 UTC 2023: Found 7 lines in squeue.
Thu Sep 28 16:43:34 UTC 2023: Monitor waiting 10 seconds...
Thu Sep 28 16:43:44 UTC 2023: Found 7 lines in squeue.
Thu Sep 28 16:43:44 UTC 2023: Monitor waiting 10 seconds...
Thu Sep 28 16:43:54 UTC 2023: Found 7 lines in squeue.
Thu Sep 28 16:43:54 UTC 2023: Monitor waiting 10 seconds...
Thu Sep 28 16:44:04 UTC 2023: Found 7 lines in squeue.
Thu Sep 28 16:44:04 UTC 2023: Monitor waiting 10 seconds...
Thu Sep 28 16:44:14 UTC 2023: Found 7 lines in squeue.
Thu Sep 28 16:44:14 UTC 2023: Monitor waiting 10 seconds...
Thu Sep 28 16:44:24 UTC 2023: Found 7 lines in squeue.
Thu Sep 28 16:44:24 UTC 2023: Monitor waiting 10 seconds...
Thu Sep 28 16:44:34 UTC 2023: Found 7 lines in squeue.
Thu Sep 28 16:44:34 UTC 2023: Monitor waiting 10 seconds...
Thu Sep 28 16:44:44 UTC 2023: Found 7 lines in squeue.
Thu Sep 28 16:44:44 UTC 2023: Monitor waiting 10 seconds...
Thu Sep 28 16:44:54 UTC 2023: Found 7 lines in squeue.
Thu Sep 28 16:44:54 UTC 2023: Monitor waiting 10 seconds...
Thu Sep 28 16:45:04 UTC 2023: Found 7 lines in squeue.
Thu Sep 28 16:45:04 UTC 2023: Monitor waiting 10 seconds...
Thu Sep 28 16:45:14 UTC 2023: Found 7 lines in squeue.
Thu Sep 28 16:45:14 UTC 2023: Monitor waiting 10 seconds...
Thu Sep 28 16:45:24 UTC 2023: Found 7 lines in squeue.
Thu Sep 28 16:45:24 UTC 2023: Monitor waiting 10 seconds...
Thu Sep 28 16:45:34 UTC 2023: Found 7 lines in squeue.
Thu Sep 28 16:45:34 UTC 2023: Monitor waiting 10 seconds...
Thu Sep 28 16:45:44 UTC 2023: Found 7 lines in squeue.
Thu Sep 28 16:45:44 UTC 2023: Monitor waiting 10 seconds...
Thu Sep 28 16:45:54 UTC 2023: Found 7 lines in squeue.
Thu Sep 28 16:45:54 UTC 2023: Monitor waiting 10 seconds...
Thu Sep 28 16:46:04 UTC 2023: Found 7 lines in squeue.
Thu Sep 28 16:46:04 UTC 2023: Monitor waiting 10 seconds...
Thu Sep 28 16:46:14 UTC 2023: Found 6 lines in squeue.
Thu Sep 28 16:46:14 UTC 2023: Monitor waiting 10 seconds...
Thu Sep 28 16:46:24 UTC 2023: Found 6 lines in squeue.
Thu Sep 28 16:46:24 UTC 2023: Monitor waiting 10 seconds...
Thu Sep 28 16:46:34 UTC 2023: Found 6 lines in squeue.
Thu Sep 28 16:46:34 UTC 2023: Monitor waiting 10 seconds...
Thu Sep 28 16:46:44 UTC 2023: Found 6 lines in squeue.
Thu Sep 28 16:46:44 UTC 2023: Monitor waiting 10 seconds...
Thu Sep 28 16:46:55 UTC 2023: Found 6 lines in squeue.
Thu Sep 28 16:46:55 UTC 2023: Monitor waiting 10 seconds...
Thu Sep 28 16:47:05 UTC 2023: Found 6 lines in squeue.
Thu Sep 28 16:47:05 UTC 2023: Monitor waiting 10 seconds...
Thu Sep 28 16:47:15 UTC 2023: Found 6 lines in squeue.
Thu Sep 28 16:47:15 UTC 2023: Monitor waiting 10 seconds...
Thu Sep 28 16:47:25 UTC 2023: Found 6 lines in squeue.
Thu Sep 28 16:47:25 UTC 2023: Monitor waiting 10 seconds...
Thu Sep 28 16:47:35 UTC 2023: Found 6 lines in squeue.
Thu Sep 28 16:47:35 UTC 2023: Monitor waiting 10 seconds...
Thu Sep 28 16:47:45 UTC 2023: Found 6 lines in squeue.
Thu Sep 28 16:47:45 UTC 2023: Monitor waiting 10 seconds...
Thu Sep 28 16:47:55 UTC 2023: Found 6 lines in squeue.
Thu Sep 28 16:47:55 UTC 2023: Monitor waiting 10 seconds...
Thu Sep 28 16:48:05 UTC 2023: Found 6 lines in squeue.
Thu Sep 28 16:48:05 UTC 2023: Monitor waiting 10 seconds...
Thu Sep 28 16:48:15 UTC 2023: Found 6 lines in squeue.
Thu Sep 28 16:48:15 UTC 2023: Monitor waiting 10 seconds...
Thu Sep 28 16:48:25 UTC 2023: Found 6 lines in squeue.
Thu Sep 28 16:48:25 UTC 2023: Monitor waiting 10 seconds...
Thu Sep 28 16:48:35 UTC 2023: Found 6 lines in squeue.
Thu Sep 28 16:48:35 UTC 2023: Monitor waiting 10 seconds...
Thu Sep 28 16:48:45 UTC 2023: Found 6 lines in squeue.
Thu Sep 28 16:48:45 UTC 2023: Monitor waiting 10 seconds...
Thu Sep 28 16:48:55 UTC 2023: Found 6 lines in squeue.
Thu Sep 28 16:48:55 UTC 2023: Monitor waiting 10 seconds...
Thu Sep 28 16:49:05 UTC 2023: Found 6 lines in squeue.
Thu Sep 28 16:49:05 UTC 2023: Monitor waiting 10 seconds...
Thu Sep 28 16:49:15 UTC 2023: Found 6 lines in squeue.
Thu Sep 28 16:49:15 UTC 2023: Monitor waiting 10 seconds...
Thu Sep 28 16:49:25 UTC 2023: Found 6 lines in squeue.
Thu Sep 28 16:49:25 UTC 2023: Monitor waiting 10 seconds...
Thu Sep 28 16:49:35 UTC 2023: Found 6 lines in squeue.
Thu Sep 28 16:49:35 UTC 2023: Monitor waiting 10 seconds...
Thu Sep 28 16:49:45 UTC 2023: Found 6 lines in squeue.
Thu Sep 28 16:49:45 UTC 2023: Monitor waiting 10 seconds...
Thu Sep 28 16:49:55 UTC 2023: Found 6 lines in squeue.
Thu Sep 28 16:49:55 UTC 2023: Monitor waiting 10 seconds...
Thu Sep 28 16:50:05 UTC 2023: Found 6 lines in squeue.
Thu Sep 28 16:50:05 UTC 2023: Monitor waiting 10 seconds...
Thu Sep 28 16:50:15 UTC 2023: Found 6 lines in squeue.
Thu Sep 28 16:50:15 UTC 2023: Monitor waiting 10 seconds...
Thu Sep 28 16:50:25 UTC 2023: Found 6 lines in squeue.
Thu Sep 28 16:50:25 UTC 2023: Monitor waiting 10 seconds...
Thu Sep 28 16:50:35 UTC 2023: Found 6 lines in squeue.
Thu Sep 28 16:50:35 UTC 2023: Monitor waiting 10 seconds...
Thu Sep 28 16:50:45 UTC 2023: Found 6 lines in squeue.
Thu Sep 28 16:50:45 UTC 2023: Monitor waiting 10 seconds...
Thu Sep 28 16:50:55 UTC 2023: Found 6 lines in squeue.
Thu Sep 28 16:50:55 UTC 2023: Monitor waiting 10 seconds...
Thu Sep 28 16:51:05 UTC 2023: Found 6 lines in squeue.
Thu Sep 28 16:51:05 UTC 2023: Monitor waiting 10 seconds...
Thu Sep 28 16:51:15 UTC 2023: Found 6 lines in squeue.
Thu Sep 28 16:51:15 UTC 2023: Monitor waiting 10 seconds...
Thu Sep 28 16:51:25 UTC 2023: Found 6 lines in squeue.
Thu Sep 28 16:51:25 UTC 2023: Monitor waiting 10 seconds...
Thu Sep 28 16:51:36 UTC 2023: Found 6 lines in squeue.
Thu Sep 28 16:51:36 UTC 2023: Monitor waiting 10 seconds...
Thu Sep 28 16:51:46 UTC 2023: Found 6 lines in squeue.
Thu Sep 28 16:51:46 UTC 2023: Monitor waiting 10 seconds...
Thu Sep 28 16:51:56 UTC 2023: Found 6 lines in squeue.
Thu Sep 28 16:51:56 UTC 2023: Monitor waiting 10 seconds...
Thu Sep 28 16:52:06 UTC 2023: Found 6 lines in squeue.
Thu Sep 28 16:52:06 UTC 2023: Monitor waiting 10 seconds...
Thu Sep 28 16:52:16 UTC 2023: Found 6 lines in squeue.
Thu Sep 28 16:52:16 UTC 2023: Monitor waiting 10 seconds...
Thu Sep 28 16:52:26 UTC 2023: Found 6 lines in squeue.
Thu Sep 28 16:52:26 UTC 2023: Monitor waiting 10 seconds...
Thu Sep 28 16:52:36 UTC 2023: Found 6 lines in squeue.
Thu Sep 28 16:52:36 UTC 2023: Monitor waiting 10 seconds...
Thu Sep 28 16:52:46 UTC 2023: Found 6 lines in squeue.
Thu Sep 28 16:52:46 UTC 2023: Monitor waiting 10 seconds...
Thu Sep 28 16:52:56 UTC 2023: Found 6 lines in squeue.
Thu Sep 28 16:52:56 UTC 2023: Monitor waiting 10 seconds...
Thu Sep 28 16:53:06 UTC 2023: Found 6 lines in squeue.
Thu Sep 28 16:53:06 UTC 2023: Monitor waiting 10 seconds...
Thu Sep 28 16:53:16 UTC 2023: Found 6 lines in squeue.
Thu Sep 28 16:53:16 UTC 2023: Monitor waiting 10 seconds...
Thu Sep 28 16:53:26 UTC 2023: Found 6 lines in squeue.
Thu Sep 28 16:53:26 UTC 2023: Monitor waiting 10 seconds...
Thu Sep 28 16:53:36 UTC 2023: Found 6 lines in squeue.
Thu Sep 28 16:53:36 UTC 2023: Monitor waiting 10 seconds...
Thu Sep 28 16:53:46 UTC 2023: Found 6 lines in squeue.
Thu Sep 28 16:53:46 UTC 2023: Monitor waiting 10 seconds...
Thu Sep 28 16:53:56 UTC 2023: Found 6 lines in squeue.
Thu Sep 28 16:53:56 UTC 2023: Monitor waiting 10 seconds...
Thu Sep 28 16:54:06 UTC 2023: Found 6 lines in squeue.
Thu Sep 28 16:54:06 UTC 2023: Monitor waiting 10 seconds...
Thu Sep 28 16:54:16 UTC 2023: Found 6 lines in squeue.
Thu Sep 28 16:54:16 UTC 2023: Monitor waiting 10 seconds...
Thu Sep 28 16:54:26 UTC 2023: Found 6 lines in squeue.
Thu Sep 28 16:54:26 UTC 2023: Monitor waiting 10 seconds...
Thu Sep 28 16:54:36 UTC 2023: Found 6 lines in squeue.
Thu Sep 28 16:54:36 UTC 2023: Monitor waiting 10 seconds...
Thu Sep 28 16:54:46 UTC 2023: Found 6 lines in squeue.
Thu Sep 28 16:54:46 UTC 2023: Monitor waiting 10 seconds...
Thu Sep 28 16:54:56 UTC 2023: Found 6 lines in squeue.
Thu Sep 28 16:54:56 UTC 2023: Monitor waiting 10 seconds...
Thu Sep 28 16:55:06 UTC 2023: Found 6 lines in squeue.
Thu Sep 28 16:55:06 UTC 2023: Monitor waiting 10 seconds...
Thu Sep 28 16:55:16 UTC 2023: Found 6 lines in squeue.
Thu Sep 28 16:55:16 UTC 2023: Monitor waiting 10 seconds...
Thu Sep 28 16:55:26 UTC 2023: Found 6 lines in squeue.
Thu Sep 28 16:55:26 UTC 2023: Monitor waiting 10 seconds...
Thu Sep 28 16:55:36 UTC 2023: Found 6 lines in squeue.
Thu Sep 28 16:55:36 UTC 2023: Monitor waiting 10 seconds...
Thu Sep 28 16:55:46 UTC 2023: Found 6 lines in squeue.
Thu Sep 28 16:55:46 UTC 2023: Monitor waiting 10 seconds...
Thu Sep 28 16:55:56 UTC 2023: Found 6 lines in squeue.
Thu Sep 28 16:55:56 UTC 2023: Monitor waiting 10 seconds...
Thu Sep 28 16:56:06 UTC 2023: Found 6 lines in squeue.
Thu Sep 28 16:56:06 UTC 2023: Monitor waiting 10 seconds...
Thu Sep 28 16:56:17 UTC 2023: Found 6 lines in squeue.
Thu Sep 28 16:56:17 UTC 2023: Monitor waiting 10 seconds...
Thu Sep 28 16:56:27 UTC 2023: Found 6 lines in squeue.
Thu Sep 28 16:56:27 UTC 2023: Monitor waiting 10 seconds...
Thu Sep 28 16:56:37 UTC 2023: Found 6 lines in squeue.
Thu Sep 28 16:56:37 UTC 2023: Monitor waiting 10 seconds...
Thu Sep 28 16:56:47 UTC 2023: Found 5 lines in squeue.
Thu Sep 28 16:56:47 UTC 2023: Monitor waiting 10 seconds...
Thu Sep 28 16:56:57 UTC 2023: Found 5 lines in squeue.
Thu Sep 28 16:56:57 UTC 2023: Monitor waiting 10 seconds...
Thu Sep 28 16:57:07 UTC 2023: Found 5 lines in squeue.
Thu Sep 28 16:57:07 UTC 2023: Monitor waiting 10 seconds...
Thu Sep 28 16:57:17 UTC 2023: Found 5 lines in squeue.
Thu Sep 28 16:57:17 UTC 2023: Monitor waiting 10 seconds...
Thu Sep 28 16:57:27 UTC 2023: Found 5 lines in squeue.
Thu Sep 28 16:57:27 UTC 2023: Monitor waiting 10 seconds...
Thu Sep 28 16:57:37 UTC 2023: Found 5 lines in squeue.
Thu Sep 28 16:57:37 UTC 2023: Monitor waiting 10 seconds...
Thu Sep 28 16:57:47 UTC 2023: Found 5 lines in squeue.
Thu Sep 28 16:57:47 UTC 2023: Monitor waiting 10 seconds...
Thu Sep 28 16:57:57 UTC 2023: Found 5 lines in squeue.
Thu Sep 28 16:57:57 UTC 2023: Monitor waiting 10 seconds...
Thu Sep 28 16:58:07 UTC 2023: Found 5 lines in squeue.
Thu Sep 28 16:58:07 UTC 2023: Monitor waiting 10 seconds...
Thu Sep 28 16:58:17 UTC 2023: Found 5 lines in squeue.
Thu Sep 28 16:58:17 UTC 2023: Monitor waiting 10 seconds...
Thu Sep 28 16:58:27 UTC 2023: Found 5 lines in squeue.
Thu Sep 28 16:58:27 UTC 2023: Monitor waiting 10 seconds...
Thu Sep 28 16:58:37 UTC 2023: Found 5 lines in squeue.
Thu Sep 28 16:58:37 UTC 2023: Monitor waiting 10 seconds...
Thu Sep 28 16:58:47 UTC 2023: Found 5 lines in squeue.
Thu Sep 28 16:58:47 UTC 2023: Monitor waiting 10 seconds...
Thu Sep 28 16:58:57 UTC 2023: Found 5 lines in squeue.
Thu Sep 28 16:58:57 UTC 2023: Monitor waiting 10 seconds...
Thu Sep 28 16:59:07 UTC 2023: Found 5 lines in squeue.
Thu Sep 28 16:59:07 UTC 2023: Monitor waiting 10 seconds...
Thu Sep 28 16:59:17 UTC 2023: Found 5 lines in squeue.
Thu Sep 28 16:59:17 UTC 2023: Monitor waiting 10 seconds...
Thu Sep 28 16:59:27 UTC 2023: Found 5 lines in squeue.
Thu Sep 28 16:59:27 UTC 2023: Monitor waiting 10 seconds...
Thu Sep 28 16:59:37 UTC 2023: Found 5 lines in squeue.
Thu Sep 28 16:59:37 UTC 2023: Monitor waiting 10 seconds...
Thu Sep 28 16:59:47 UTC 2023: Found 5 lines in squeue.
Thu Sep 28 16:59:47 UTC 2023: Monitor waiting 10 seconds...
Thu Sep 28 16:59:57 UTC 2023: Found 5 lines in squeue.
Thu Sep 28 16:59:57 UTC 2023: Monitor waiting 10 seconds...
Thu Sep 28 17:00:07 UTC 2023: Found 5 lines in squeue.
Thu Sep 28 17:00:07 UTC 2023: Monitor waiting 10 seconds...
Thu Sep 28 17:00:17 UTC 2023: Found 5 lines in squeue.
Thu Sep 28 17:00:17 UTC 2023: Monitor waiting 10 seconds...
Thu Sep 28 17:00:27 UTC 2023: Found 5 lines in squeue.
Thu Sep 28 17:00:27 UTC 2023: Monitor waiting 10 seconds...
Thu Sep 28 17:00:37 UTC 2023: Found 5 lines in squeue.
Thu Sep 28 17:00:37 UTC 2023: Monitor waiting 10 seconds...
Thu Sep 28 17:00:47 UTC 2023: Found 5 lines in squeue.
Thu Sep 28 17:00:47 UTC 2023: Monitor waiting 10 seconds...
Thu Sep 28 17:00:58 UTC 2023: Found 5 lines in squeue.
Thu Sep 28 17:00:58 UTC 2023: Monitor waiting 10 seconds...
Thu Sep 28 17:01:08 UTC 2023: Found 5 lines in squeue.
Thu Sep 28 17:01:08 UTC 2023: Monitor waiting 10 seconds...
Thu Sep 28 17:01:18 UTC 2023: Found 5 lines in squeue.
Thu Sep 28 17:01:18 UTC 2023: Monitor waiting 10 seconds...
Thu Sep 28 17:01:28 UTC 2023: Found 5 lines in squeue.
Thu Sep 28 17:01:28 UTC 2023: Monitor waiting 10 seconds...
Thu Sep 28 17:01:38 UTC 2023: Found 5 lines in squeue.
Thu Sep 28 17:01:38 UTC 2023: Monitor waiting 10 seconds...
Thu Sep 28 17:01:48 UTC 2023: Found 5 lines in squeue.
Thu Sep 28 17:01:48 UTC 2023: Monitor waiting 10 seconds...
Thu Sep 28 17:01:58 UTC 2023: Found 5 lines in squeue.
Thu Sep 28 17:01:58 UTC 2023: Monitor waiting 10 seconds...
Thu Sep 28 17:02:08 UTC 2023: Found 5 lines in squeue.
Thu Sep 28 17:02:08 UTC 2023: Monitor waiting 10 seconds...
Thu Sep 28 17:02:18 UTC 2023: Found 5 lines in squeue.
Thu Sep 28 17:02:18 UTC 2023: Monitor waiting 10 seconds...
Thu Sep 28 17:02:28 UTC 2023: Found 5 lines in squeue.
Thu Sep 28 17:02:28 UTC 2023: Monitor waiting 10 seconds...
Thu Sep 28 17:02:38 UTC 2023: Found 5 lines in squeue.
Thu Sep 28 17:02:38 UTC 2023: Monitor waiting 10 seconds...
Thu Sep 28 17:02:48 UTC 2023: Found 5 lines in squeue.
Thu Sep 28 17:02:48 UTC 2023: Monitor waiting 10 seconds...
Thu Sep 28 17:02:58 UTC 2023: Found 5 lines in squeue.
Thu Sep 28 17:02:58 UTC 2023: Monitor waiting 10 seconds...
Thu Sep 28 17:03:08 UTC 2023: Found 5 lines in squeue.
Thu Sep 28 17:03:08 UTC 2023: Monitor waiting 10 seconds...
Thu Sep 28 17:03:18 UTC 2023: Found 5 lines in squeue.
Thu Sep 28 17:03:18 UTC 2023: Monitor waiting 10 seconds...
Thu Sep 28 17:03:28 UTC 2023: Found 5 lines in squeue.
Thu Sep 28 17:03:28 UTC 2023: Monitor waiting 10 seconds...
Thu Sep 28 17:03:38 UTC 2023: Found 5 lines in squeue.
Thu Sep 28 17:03:38 UTC 2023: Monitor waiting 10 seconds...
Thu Sep 28 17:03:48 UTC 2023: Found 5 lines in squeue.
Thu Sep 28 17:03:48 UTC 2023: Monitor waiting 10 seconds...
Thu Sep 28 17:03:58 UTC 2023: Found 5 lines in squeue.
Thu Sep 28 17:03:58 UTC 2023: Monitor waiting 10 seconds...
Thu Sep 28 17:04:08 UTC 2023: Found 5 lines in squeue.
Thu Sep 28 17:04:08 UTC 2023: Monitor waiting 10 seconds...
Thu Sep 28 17:04:18 UTC 2023: Found 5 lines in squeue.
Thu Sep 28 17:04:18 UTC 2023: Monitor waiting 10 seconds...
Thu Sep 28 17:04:28 UTC 2023: Found 5 lines in squeue.
Thu Sep 28 17:04:28 UTC 2023: Monitor waiting 10 seconds...
Thu Sep 28 17:04:38 UTC 2023: Found 5 lines in squeue.
Thu Sep 28 17:04:38 UTC 2023: Monitor waiting 10 seconds...
Thu Sep 28 17:04:48 UTC 2023: Found 5 lines in squeue.
Thu Sep 28 17:04:48 UTC 2023: Monitor waiting 10 seconds...
Thu Sep 28 17:04:58 UTC 2023: Found 5 lines in squeue.
Thu Sep 28 17:04:58 UTC 2023: Monitor waiting 10 seconds...
Thu Sep 28 17:05:08 UTC 2023: Found 5 lines in squeue.
Thu Sep 28 17:05:08 UTC 2023: Monitor waiting 10 seconds...
Thu Sep 28 17:05:18 UTC 2023: Found 5 lines in squeue.
Thu Sep 28 17:05:18 UTC 2023: Monitor waiting 10 seconds...
Thu Sep 28 17:05:28 UTC 2023: Found 5 lines in squeue.
Thu Sep 28 17:05:28 UTC 2023: Monitor waiting 10 seconds...
Thu Sep 28 17:05:39 UTC 2023: Found 5 lines in squeue.
Thu Sep 28 17:05:39 UTC 2023: Monitor waiting 10 seconds...
Thu Sep 28 17:05:49 UTC 2023: Found 5 lines in squeue.
Thu Sep 28 17:05:49 UTC 2023: Monitor waiting 10 seconds...
Thu Sep 28 17:05:59 UTC 2023: Found 5 lines in squeue.
Thu Sep 28 17:05:59 UTC 2023: Monitor waiting 10 seconds...
Thu Sep 28 17:06:09 UTC 2023: Found 5 lines in squeue.
Thu Sep 28 17:06:09 UTC 2023: Monitor waiting 10 seconds...
Thu Sep 28 17:06:19 UTC 2023: Found 5 lines in squeue.
Thu Sep 28 17:06:19 UTC 2023: Monitor waiting 10 seconds...
Thu Sep 28 17:06:29 UTC 2023: Found 5 lines in squeue.
Thu Sep 28 17:06:29 UTC 2023: Monitor waiting 10 seconds...
Thu Sep 28 17:06:39 UTC 2023: Found 5 lines in squeue.
Thu Sep 28 17:06:39 UTC 2023: Monitor waiting 10 seconds...
Thu Sep 28 17:06:49 UTC 2023: Found 5 lines in squeue.
Thu Sep 28 17:06:49 UTC 2023: Monitor waiting 10 seconds...
Thu Sep 28 17:06:59 UTC 2023: Found 5 lines in squeue.
Thu Sep 28 17:06:59 UTC 2023: Monitor waiting 10 seconds...
Thu Sep 28 17:07:09 UTC 2023: Found 5 lines in squeue.
Thu Sep 28 17:07:09 UTC 2023: Monitor waiting 10 seconds...
Thu Sep 28 17:07:19 UTC 2023: Found 5 lines in squeue.
Thu Sep 28 17:07:19 UTC 2023: Monitor waiting 10 seconds...
Thu Sep 28 17:07:29 UTC 2023: Found 5 lines in squeue.
Thu Sep 28 17:07:29 UTC 2023: Monitor waiting 10 seconds...
Thu Sep 28 17:07:39 UTC 2023: Found 4 lines in squeue.
Thu Sep 28 17:07:39 UTC 2023: Monitor waiting 10 seconds...
Thu Sep 28 17:07:49 UTC 2023: Found 4 lines in squeue.
Thu Sep 28 17:07:49 UTC 2023: Monitor waiting 10 seconds...
Thu Sep 28 17:07:59 UTC 2023: Found 4 lines in squeue.
Thu Sep 28 17:07:59 UTC 2023: Monitor waiting 10 seconds...
Thu Sep 28 17:08:09 UTC 2023: Found 4 lines in squeue.
Thu Sep 28 17:08:09 UTC 2023: Monitor waiting 10 seconds...
Thu Sep 28 17:08:19 UTC 2023: Found 4 lines in squeue.
Thu Sep 28 17:08:19 UTC 2023: Monitor waiting 10 seconds...
Thu Sep 28 17:08:29 UTC 2023: Found 4 lines in squeue.
Thu Sep 28 17:08:29 UTC 2023: Monitor waiting 10 seconds...
Thu Sep 28 17:08:39 UTC 2023: Found 4 lines in squeue.
Thu Sep 28 17:08:39 UTC 2023: Monitor waiting 10 seconds...
Thu Sep 28 17:08:49 UTC 2023: Found 4 lines in squeue.
Thu Sep 28 17:08:49 UTC 2023: Monitor waiting 10 seconds...
Thu Sep 28 17:08:59 UTC 2023: Found 4 lines in squeue.
Thu Sep 28 17:08:59 UTC 2023: Monitor waiting 10 seconds...
Thu Sep 28 17:09:09 UTC 2023: Found 4 lines in squeue.
Thu Sep 28 17:09:09 UTC 2023: Monitor waiting 10 seconds...
Thu Sep 28 17:09:19 UTC 2023: Found 3 lines in squeue.
Thu Sep 28 17:09:19 UTC 2023: Monitor waiting 10 seconds...
Thu Sep 28 17:09:29 UTC 2023: Found 3 lines in squeue.
Thu Sep 28 17:09:29 UTC 2023: Monitor waiting 10 seconds...
Thu Sep 28 17:09:39 UTC 2023: Found 3 lines in squeue.
Thu Sep 28 17:09:39 UTC 2023: Monitor waiting 10 seconds...
Thu Sep 28 17:09:49 UTC 2023: Found 3 lines in squeue.
Thu Sep 28 17:09:49 UTC 2023: Monitor waiting 10 seconds...
Thu Sep 28 17:09:59 UTC 2023: Found 3 lines in squeue.
Thu Sep 28 17:09:59 UTC 2023: Monitor waiting 10 seconds...
Thu Sep 28 17:10:09 UTC 2023: Found 3 lines in squeue.
Thu Sep 28 17:10:09 UTC 2023: Monitor waiting 10 seconds...
Thu Sep 28 17:10:20 UTC 2023: Found 3 lines in squeue.
Thu Sep 28 17:10:20 UTC 2023: Monitor waiting 10 seconds...
Thu Sep 28 17:10:30 UTC 2023: Found 3 lines in squeue.
Thu Sep 28 17:10:30 UTC 2023: Monitor waiting 10 seconds...
Thu Sep 28 17:10:40 UTC 2023: Found 3 lines in squeue.
Thu Sep 28 17:10:40 UTC 2023: Monitor waiting 10 seconds...
Thu Sep 28 17:10:50 UTC 2023: Found 3 lines in squeue.
Thu Sep 28 17:10:50 UTC 2023: Monitor waiting 10 seconds...
Thu Sep 28 17:11:00 UTC 2023: Found 3 lines in squeue.
Thu Sep 28 17:11:00 UTC 2023: Monitor waiting 10 seconds...
Thu Sep 28 17:11:10 UTC 2023: Found 2 lines in squeue.
Thu Sep 28 17:11:10 UTC 2023: Monitor waiting 10 seconds...
Thu Sep 28 17:11:20 UTC 2023: Found 2 lines in squeue.
Thu Sep 28 17:11:20 UTC 2023: Monitor waiting 10 seconds...
Thu Sep 28 17:11:30 UTC 2023: Found 2 lines in squeue.
Thu Sep 28 17:11:30 UTC 2023: Monitor waiting 10 seconds...
Thu Sep 28 17:11:40 UTC 2023: Found 2 lines in squeue.
Thu Sep 28 17:11:40 UTC 2023: Monitor waiting 10 seconds...
Thu Sep 28 17:11:50 UTC 2023: Found 2 lines in squeue.
Thu Sep 28 17:11:50 UTC 2023: Monitor waiting 10 seconds...
Thu Sep 28 17:12:00 UTC 2023: Found 2 lines in squeue.
Thu Sep 28 17:12:00 UTC 2023: Monitor waiting 10 seconds...
Thu Sep 28 17:12:10 UTC 2023: Found 2 lines in squeue.
Thu Sep 28 17:12:10 UTC 2023: Monitor waiting 10 seconds...
Thu Sep 28 17:12:20 UTC 2023: Found 2 lines in squeue.
Thu Sep 28 17:12:20 UTC 2023: Monitor waiting 10 seconds...
Thu Sep 28 17:12:30 UTC 2023: Found 2 lines in squeue.
Thu Sep 28 17:12:30 UTC 2023: Monitor waiting 10 seconds...
Thu Sep 28 17:12:40 UTC 2023: Found 2 lines in squeue.
Thu Sep 28 17:12:40 UTC 2023: Monitor waiting 10 seconds...
Thu Sep 28 17:12:50 UTC 2023: Found 2 lines in squeue.
Thu Sep 28 17:12:50 UTC 2023: Monitor waiting 10 seconds...
Thu Sep 28 17:13:00 UTC 2023: Found 2 lines in squeue.
Thu Sep 28 17:13:00 UTC 2023: Monitor waiting 10 seconds...
Thu Sep 28 17:13:10 UTC 2023: Found 2 lines in squeue.
Thu Sep 28 17:13:10 UTC 2023: Monitor waiting 10 seconds...
Thu Sep 28 17:13:20 UTC 2023: Found 2 lines in squeue.
Thu Sep 28 17:13:20 UTC 2023: Monitor waiting 10 seconds...
Thu Sep 28 17:13:30 UTC 2023: Found 2 lines in squeue.
Thu Sep 28 17:13:30 UTC 2023: Monitor waiting 10 seconds...
Thu Sep 28 17:13:40 UTC 2023: Found 2 lines in squeue.
Thu Sep 28 17:13:40 UTC 2023: Monitor waiting 10 seconds...
Thu Sep 28 17:13:50 UTC 2023: Found 2 lines in squeue.
Thu Sep 28 17:13:50 UTC 2023: Monitor waiting 10 seconds...
Thu Sep 28 17:14:00 UTC 2023: Found 2 lines in squeue.
Thu Sep 28 17:14:00 UTC 2023: Monitor waiting 10 seconds...
Thu Sep 28 17:14:10 UTC 2023: Found 2 lines in squeue.
Thu Sep 28 17:14:10 UTC 2023: Monitor waiting 10 seconds...
Thu Sep 28 17:14:20 UTC 2023: Found 2 lines in squeue.
Thu Sep 28 17:14:20 UTC 2023: Monitor waiting 10 seconds...
Thu Sep 28 17:14:30 UTC 2023: Found 2 lines in squeue.
Thu Sep 28 17:14:30 UTC 2023: Monitor waiting 10 seconds...
Thu Sep 28 17:14:40 UTC 2023: Found 2 lines in squeue.
Thu Sep 28 17:14:40 UTC 2023: Monitor waiting 10 seconds...
Thu Sep 28 17:14:50 UTC 2023: Found 2 lines in squeue.
Thu Sep 28 17:14:50 UTC 2023: Monitor waiting 10 seconds...
Thu Sep 28 17:15:01 UTC 2023: Found 2 lines in squeue.
Thu Sep 28 17:15:01 UTC 2023: Monitor waiting 10 seconds...
Thu Sep 28 17:15:11 UTC 2023: Found 2 lines in squeue.
Thu Sep 28 17:15:11 UTC 2023: Monitor waiting 10 seconds...
Thu Sep 28 17:15:21 UTC 2023: Found 2 lines in squeue.
Thu Sep 28 17:15:21 UTC 2023: Monitor waiting 10 seconds...
Thu Sep 28 17:15:31 UTC 2023: Found 2 lines in squeue.
Thu Sep 28 17:15:31 UTC 2023: Monitor waiting 10 seconds...
Thu Sep 28 17:15:41 UTC 2023: Found 2 lines in squeue.
Thu Sep 28 17:15:41 UTC 2023: Monitor waiting 10 seconds...
Thu Sep 28 17:15:51 UTC 2023: Found 2 lines in squeue.
Thu Sep 28 17:15:51 UTC 2023: Monitor waiting 10 seconds...
Thu Sep 28 17:16:01 UTC 2023: Found 2 lines in squeue.
Thu Sep 28 17:16:01 UTC 2023: Monitor waiting 10 seconds...
Thu Sep 28 17:16:11 UTC 2023: Found 2 lines in squeue.
Thu Sep 28 17:16:11 UTC 2023: Monitor waiting 10 seconds...
Thu Sep 28 17:16:21 UTC 2023: Found 2 lines in squeue.
Thu Sep 28 17:16:21 UTC 2023: Monitor waiting 10 seconds...
Thu Sep 28 17:16:31 UTC 2023: Found 2 lines in squeue.
Thu Sep 28 17:16:31 UTC 2023: Monitor waiting 10 seconds...
Thu Sep 28 17:16:41 UTC 2023: Found 2 lines in squeue.
Thu Sep 28 17:16:41 UTC 2023: Monitor waiting 10 seconds...
Thu Sep 28 17:16:51 UTC 2023: Found 2 lines in squeue.
Thu Sep 28 17:16:51 UTC 2023: Monitor waiting 10 seconds...
Thu Sep 28 17:17:01 UTC 2023: Found 2 lines in squeue.
Thu Sep 28 17:17:01 UTC 2023: Monitor waiting 10 seconds...
Thu Sep 28 17:17:11 UTC 2023: Found 2 lines in squeue.
Thu Sep 28 17:17:11 UTC 2023: Monitor waiting 10 seconds...
Thu Sep 28 17:17:21 UTC 2023: Found 2 lines in squeue.
Thu Sep 28 17:17:21 UTC 2023: Monitor waiting 10 seconds...
Thu Sep 28 17:17:31 UTC 2023: Found 2 lines in squeue.
Thu Sep 28 17:17:31 UTC 2023: Monitor waiting 10 seconds...
Thu Sep 28 17:17:41 UTC 2023: Found 2 lines in squeue.
Thu Sep 28 17:17:41 UTC 2023: Monitor waiting 10 seconds...
Thu Sep 28 17:17:51 UTC 2023: Found 2 lines in squeue.
Thu Sep 28 17:17:51 UTC 2023: Monitor waiting 10 seconds...
Thu Sep 28 17:18:01 UTC 2023: Found 2 lines in squeue.
Thu Sep 28 17:18:01 UTC 2023: Monitor waiting 10 seconds...
Thu Sep 28 17:18:11 UTC 2023: Found 2 lines in squeue.
Thu Sep 28 17:18:11 UTC 2023: Monitor waiting 10 seconds...
Thu Sep 28 17:18:21 UTC 2023: Found 2 lines in squeue.
Thu Sep 28 17:18:21 UTC 2023: Monitor waiting 10 seconds...
Thu Sep 28 17:18:31 UTC 2023: Found 2 lines in squeue.
Thu Sep 28 17:18:31 UTC 2023: Monitor waiting 10 seconds...
Thu Sep 28 17:18:41 UTC 2023: Found 2 lines in squeue.
Thu Sep 28 17:18:41 UTC 2023: Monitor waiting 10 seconds...
Thu Sep 28 17:18:51 UTC 2023: Found 2 lines in squeue.
Thu Sep 28 17:18:51 UTC 2023: Monitor waiting 10 seconds...
Thu Sep 28 17:19:01 UTC 2023: Found 2 lines in squeue.
Thu Sep 28 17:19:01 UTC 2023: Monitor waiting 10 seconds...
Thu Sep 28 17:19:11 UTC 2023: Found 2 lines in squeue.
Thu Sep 28 17:19:11 UTC 2023: Monitor waiting 10 seconds...
Thu Sep 28 17:19:21 UTC 2023: Found 2 lines in squeue.
Thu Sep 28 17:19:21 UTC 2023: Monitor waiting 10 seconds...
Thu Sep 28 17:19:32 UTC 2023: Found 2 lines in squeue.
Thu Sep 28 17:19:32 UTC 2023: Monitor waiting 10 seconds...
Thu Sep 28 17:19:42 UTC 2023: Found 2 lines in squeue.
Thu Sep 28 17:19:42 UTC 2023: Monitor waiting 10 seconds...
Thu Sep 28 17:19:52 UTC 2023: Found 2 lines in squeue.
Thu Sep 28 17:19:52 UTC 2023: Monitor waiting 10 seconds...
Thu Sep 28 17:20:02 UTC 2023: Found 2 lines in squeue.
Thu Sep 28 17:20:02 UTC 2023: Monitor waiting 10 seconds...
Thu Sep 28 17:20:12 UTC 2023: Found 2 lines in squeue.
Thu Sep 28 17:20:12 UTC 2023: Monitor waiting 10 seconds...
Thu Sep 28 17:20:22 UTC 2023: Found 2 lines in squeue.
Thu Sep 28 17:20:22 UTC 2023: Monitor waiting 10 seconds...
Thu Sep 28 17:20:32 UTC 2023: Found 2 lines in squeue.
Thu Sep 28 17:20:32 UTC 2023: Monitor waiting 10 seconds...
Thu Sep 28 17:20:42 UTC 2023: Found 2 lines in squeue.
Thu Sep 28 17:20:42 UTC 2023: Monitor waiting 10 seconds...
Thu Sep 28 17:20:52 UTC 2023: Found 2 lines in squeue.
Thu Sep 28 17:20:52 UTC 2023: Monitor waiting 10 seconds...
Thu Sep 28 17:21:02 UTC 2023: Found 2 lines in squeue.
Thu Sep 28 17:21:02 UTC 2023: Monitor waiting 10 seconds...
Thu Sep 28 17:21:12 UTC 2023: Found 2 lines in squeue.
Thu Sep 28 17:21:12 UTC 2023: Monitor waiting 10 seconds...
Thu Sep 28 17:21:22 UTC 2023: Found 2 lines in squeue.
Thu Sep 28 17:21:22 UTC 2023: Monitor waiting 10 seconds...
Thu Sep 28 17:21:32 UTC 2023: Found 2 lines in squeue.
Thu Sep 28 17:21:32 UTC 2023: Monitor waiting 10 seconds...
Thu Sep 28 17:21:42 UTC 2023: Found 2 lines in squeue.
Thu Sep 28 17:21:42 UTC 2023: Monitor waiting 10 seconds...
Thu Sep 28 17:21:52 UTC 2023: Found 2 lines in squeue.
Thu Sep 28 17:21:52 UTC 2023: Monitor waiting 10 seconds...
Thu Sep 28 17:22:02 UTC 2023: Found 2 lines in squeue.
Thu Sep 28 17:22:02 UTC 2023: Monitor waiting 10 seconds...
Thu Sep 28 17:22:12 UTC 2023: Found 2 lines in squeue.
Thu Sep 28 17:22:12 UTC 2023: Monitor waiting 10 seconds...
Thu Sep 28 17:22:22 UTC 2023: Found 2 lines in squeue.
Thu Sep 28 17:22:22 UTC 2023: Monitor waiting 10 seconds...
Thu Sep 28 17:22:32 UTC 2023: Found 2 lines in squeue.
Thu Sep 28 17:22:32 UTC 2023: Monitor waiting 10 seconds...
Thu Sep 28 17:22:42 UTC 2023: Found 2 lines in squeue.
Thu Sep 28 17:22:42 UTC 2023: Monitor waiting 10 seconds...
Thu Sep 28 17:22:52 UTC 2023: Found 2 lines in squeue.
Thu Sep 28 17:22:52 UTC 2023: Monitor waiting 10 seconds...
Thu Sep 28 17:23:02 UTC 2023: Found 2 lines in squeue.
Thu Sep 28 17:23:02 UTC 2023: Monitor waiting 10 seconds...
Thu Sep 28 17:23:12 UTC 2023: Found 2 lines in squeue.
Thu Sep 28 17:23:12 UTC 2023: Monitor waiting 10 seconds...
Thu Sep 28 17:23:22 UTC 2023: Found 2 lines in squeue.
Thu Sep 28 17:23:22 UTC 2023: Monitor waiting 10 seconds...
Thu Sep 28 17:23:32 UTC 2023: Found 2 lines in squeue.
Thu Sep 28 17:23:32 UTC 2023: Monitor waiting 10 seconds...
Thu Sep 28 17:23:42 UTC 2023: Found 2 lines in squeue.
Thu Sep 28 17:23:42 UTC 2023: Monitor waiting 10 seconds...
Thu Sep 28 17:23:52 UTC 2023: Found 2 lines in squeue.
Thu Sep 28 17:23:52 UTC 2023: Monitor waiting 10 seconds...
Thu Sep 28 17:24:02 UTC 2023: Found 2 lines in squeue.
Thu Sep 28 17:24:02 UTC 2023: Monitor waiting 10 seconds...
Thu Sep 28 17:24:13 UTC 2023: Found 2 lines in squeue.
Thu Sep 28 17:24:13 UTC 2023: Monitor waiting 10 seconds...
Thu Sep 28 17:24:23 UTC 2023: Found 2 lines in squeue.
Thu Sep 28 17:24:23 UTC 2023: Monitor waiting 10 seconds...
Thu Sep 28 17:24:33 UTC 2023: Found 1 lines in squeue.
Thu Sep 28 17:24:33 UTC 2023: No more pending jobs in squeue. Stage SLURM logs back.
====================================
Thu Sep 28 17:24:33 UTC 2023: Step 5: Postprocessing/
../ml_models/sl_0
../ml_models/sl_1
../ml_models/sl_2
../ml_models/sl_3
../ml_models/sl_4
../ml_models/sl_5
../ml_models/sl_6
../ml_models/sl_7
../ml_models/sl_8
../ml_models/sl_9
Writing mean/std hold-out score...
Finding mean/std of predictions...
Writing summary FPI results...
Maximum std/avg FPI ratio over all models: 0.07898702329488698
======> Stage PW logs to remote repo for committing
sending incremental file list
