Parsing SuperLearner FPI arguments...
--model_dir
--predict_var
--num_inputs
--corr_cutoff
--predict_data
Submodels within SuperLearner and their weights:
['nusvr-rbf', 'nusvr-lin', 'nusvr-poly', 'nusvr-sig', 'knn-uni', 'knn-dist', 'pls', 'mlp', 'ridge', 'lasso', 'linear', 'enet', 'huber', 'xgb', 'etr']
[0.14319444 0.         0.         1.8225414  0.20246107 0.02322829
 0.         1.18285228 0.         0.         0.         0.
 0.         0.40229573 1.04783763]
Dectected one-hot features:
['MiniDot_Sediment', 'River_Gradient']
Started with 12 features.
Finishing with 6 features in 2 groups.
MiniDot_Sediment_-1hot-_Bedrock (primarily),MiniDot_Sediment_-1hot-_Gravel/cobble (>2mm),MiniDot_Sediment_-1hot-_Sand,MiniDot_Sediment_-1hot-_Silt/mud (<0.0625mm);River_Gradient_-1hot-_Relatively flat/gentle gradient (e.g. valleys),River_Gradient_-1hot-_Relatively steep gradient (e.g. mountainous or hilly terrain)
Loading model for job: 0
FPI on stacked ensemble...
FPI on ML model: nusvr-rbf...
FPI on ML model: nusvr-sig...
FPI on ML model: knn-uni...
FPI on ML model: mlp...
FPI on ML model: xgb...
FPI on ML model: etr...
                                                    Avg_Ratiostack0  Std_Ratiostack0
Feature                                                                             
MiniDot_Sediment_-1hot-_Bedrock (primarily),Min...         2.166253         0.334444
River_Gradient_-1hot-_Relatively flat/gentle gr...         1.454338         0.167169
lamO2                                                      1.425410         0.067802
Percent_Fine_Sand                                          1.683858         0.132308
NPOC_Field_mg_per_L_as_C                                   3.181871         1.253672
perc_Carb                                                  2.180452         0.207891
C_percent                                                  2.219952         0.186976
NOSC                                                       1.455626         0.077518
--------nusvr-rbf---------
Feature
MiniDot_Sediment_-1hot-_Bedrock (primarily),MiniDot_Sediment_-1hot-_Gravel/cobble (>2mm),MiniDot_Sediment_-1hot-_Sand,MiniDot_Sediment_-1hot-_Silt/mud (<0.0625mm)    3.273929
River_Gradient_-1hot-_Relatively flat/gentle gradient (e.g. valleys),River_Gradient_-1hot-_Relatively steep gradient (e.g. mountainous or hilly terrain)              2.148545
lamO2                                                                                                                                                                 3.120282
Percent_Fine_Sand                                                                                                                                                     2.816925
NPOC_Field_mg_per_L_as_C                                                                                                                                              2.540097
perc_Carb                                                                                                                                                             3.179193
C_percent                                                                                                                                                             2.938214
NOSC                                                                                                                                                                  3.004321
Name: Avg_Rationusvr-rbf0, dtype: float64
--------nusvr-sig---------
Feature
MiniDot_Sediment_-1hot-_Bedrock (primarily),MiniDot_Sediment_-1hot-_Gravel/cobble (>2mm),MiniDot_Sediment_-1hot-_Sand,MiniDot_Sediment_-1hot-_Silt/mud (<0.0625mm)    1.000004
River_Gradient_-1hot-_Relatively flat/gentle gradient (e.g. valleys),River_Gradient_-1hot-_Relatively steep gradient (e.g. mountainous or hilly terrain)              1.000001
lamO2                                                                                                                                                                 1.000000
Percent_Fine_Sand                                                                                                                                                     1.000000
NPOC_Field_mg_per_L_as_C                                                                                                                                              1.000000
perc_Carb                                                                                                                                                             1.000000
C_percent                                                                                                                                                             1.000000
NOSC                                                                                                                                                                  1.000000
Name: Avg_Rationusvr-sig0, dtype: float64
--------knn-uni---------
Feature
MiniDot_Sediment_-1hot-_Bedrock (primarily),MiniDot_Sediment_-1hot-_Gravel/cobble (>2mm),MiniDot_Sediment_-1hot-_Sand,MiniDot_Sediment_-1hot-_Silt/mud (<0.0625mm)    1.811527
River_Gradient_-1hot-_Relatively flat/gentle gradient (e.g. valleys),River_Gradient_-1hot-_Relatively steep gradient (e.g. mountainous or hilly terrain)              1.328196
lamO2                                                                                                                                                                 1.547351
Percent_Fine_Sand                                                                                                                                                     1.099864
NPOC_Field_mg_per_L_as_C                                                                                                                                              1.109417
perc_Carb                                                                                                                                                             1.630343
C_percent                                                                                                                                                             1.210926
NOSC                                                                                                                                                                  1.173214
Name: Avg_Ratioknn-uni0, dtype: float32
--------mlp---------
Feature
MiniDot_Sediment_-1hot-_Bedrock (primarily),MiniDot_Sediment_-1hot-_Gravel/cobble (>2mm),MiniDot_Sediment_-1hot-_Sand,MiniDot_Sediment_-1hot-_Silt/mud (<0.0625mm)    1.149569
River_Gradient_-1hot-_Relatively flat/gentle gradient (e.g. valleys),River_Gradient_-1hot-_Relatively steep gradient (e.g. mountainous or hilly terrain)              1.006584
lamO2                                                                                                                                                                 1.005319
Percent_Fine_Sand                                                                                                                                                     0.998124
NPOC_Field_mg_per_L_as_C                                                                                                                                              1.160233
perc_Carb                                                                                                                                                             0.999958
C_percent                                                                                                                                                             1.004170
NOSC                                                                                                                                                                  1.007245
Name: Avg_Ratiomlp0, dtype: float32
--------xgb---------
Feature
MiniDot_Sediment_-1hot-_Bedrock (primarily),MiniDot_Sediment_-1hot-_Gravel/cobble (>2mm),MiniDot_Sediment_-1hot-_Sand,MiniDot_Sediment_-1hot-_Silt/mud (<0.0625mm)    1.182576
River_Gradient_-1hot-_Relatively flat/gentle gradient (e.g. valleys),River_Gradient_-1hot-_Relatively steep gradient (e.g. mountainous or hilly terrain)              1.814349
lamO2                                                                                                                                                                 1.258734
Percent_Fine_Sand                                                                                                                                                     2.488535
NPOC_Field_mg_per_L_as_C                                                                                                                                              3.641099
perc_Carb                                                                                                                                                             3.383537
C_percent                                                                                                                                                             4.774575
NOSC                                                                                                                                                                  1.783509
Name: Avg_Ratioxgb0, dtype: float32
--------etr---------
Feature
MiniDot_Sediment_-1hot-_Bedrock (primarily),MiniDot_Sediment_-1hot-_Gravel/cobble (>2mm),MiniDot_Sediment_-1hot-_Sand,MiniDot_Sediment_-1hot-_Silt/mud (<0.0625mm)    1.018245
River_Gradient_-1hot-_Relatively flat/gentle gradient (e.g. valleys),River_Gradient_-1hot-_Relatively steep gradient (e.g. mountainous or hilly terrain)              1.000689
lamO2                                                                                                                                                                 1.010752
Percent_Fine_Sand                                                                                                                                                     1.005309
NPOC_Field_mg_per_L_as_C                                                                                                                                              1.006834
perc_Carb                                                                                                                                                             1.000500
C_percent                                                                                                                                                             1.011914
NOSC                                                                                                                                                                  1.000281
Name: Avg_Ratioetr0, dtype: float64
