Parsing SuperLearner predict arguments...
--model_dir
--predict_var
--num_inputs
--predict_data
Submodels within SuperLearner and their weights:
['nusvr-rbf', 'nusvr-lin', 'nusvr-poly', 'nusvr-sig', 'knn-uni', 'knn-dist', 'pls', 'mlp', 'ridge', 'lasso', 'linear', 'enet', 'huber', 'xgb', 'etr']
[2.66286507e-01 0.00000000e+00 0.00000000e+00 1.73738548e+00
 1.48168922e-03 0.00000000e+00 2.46200112e-01 3.63275633e-01
 0.00000000e+00 0.00000000e+00 1.83839085e-02 0.00000000e+00
 0.00000000e+00 7.76245003e-01 0.00000000e+00]
RSE: 380.49480461357666 +/- 573.6462103976625
mean.error: 382.81107 +/- 362.3752
predict.error: 1484.913 +/- 180.52728
RSE vs mean.error: [[1.         0.90152198]
 [0.90152198 1.        ]]
RSE vs predict.error: [[1.         0.91100304]
 [0.91100304 1.        ]]
evaluating hold out on a high/low split
Done!
